{"C:\\Users\\Nitro 5\\Desktop\\SkillSwap_web\\backend\\src\\app.ts": {"path":"C:\\Users\\Nitro 5\\Desktop\\SkillSwap_web\\backend\\src\\app.ts","statementMap":{"0":{"start":{"line":1,"column":0},"end":{"line":1,"column":80}},"1":{"start":{"line":2,"column":0},"end":{"line":2,"column":24}},"2":{"start":{"line":3,"column":0},"end":{"line":3,"column":28}},"3":{"start":{"line":4,"column":0},"end":{"line":4,"column":41}},"4":{"start":{"line":5,"column":0},"end":{"line":5,"column":24}},"5":{"start":{"line":6,"column":0},"end":{"line":6,"column":65}},"6":{"start":{"line":7,"column":0},"end":{"line":7,"column":64}},"7":{"start":{"line":8,"column":0},"end":{"line":8,"column":58}},"8":{"start":{"line":9,"column":0},"end":{"line":9,"column":66}},"9":{"start":{"line":10,"column":0},"end":{"line":10,"column":56}},"10":{"start":{"line":11,"column":0},"end":{"line":11,"column":69}},"11":{"start":{"line":12,"column":0},"end":{"line":12,"column":60}},"12":{"start":{"line":13,"column":0},"end":{"line":13,"column":60}},"13":{"start":{"line":15,"column":25},"end":{"line":15,"column":34}},"14":{"start":{"line":17,"column":0},"end":{"line":17,"column":72}},"15":{"start":{"line":20,"column":38},"end":{"line":32,"column":2}},"16":{"start":{"line":22,"column":27},"end":{"line":22,"column":77}},"17":{"start":{"line":24,"column":4},"end":{"line":28,"column":5}},"18":{"start":{"line":25,"column":6},"end":{"line":25,"column":27}},"19":{"start":{"line":27,"column":6},"end":{"line":27,"column":85}},"20":{"start":{"line":34,"column":0},"end":{"line":34,"column":70}},"21":{"start":{"line":35,"column":0},"end":{"line":35,"column":58}},"22":{"start":{"line":38,"column":0},"end":{"line":38,"column":77}},"23":{"start":{"line":41,"column":0},"end":{"line":41,"column":27}},"24":{"start":{"line":42,"column":0},"end":{"line":42,"column":24}},"25":{"start":{"line":43,"column":0},"end":{"line":43,"column":24}},"26":{"start":{"line":44,"column":0},"end":{"line":44,"column":48}},"27":{"start":{"line":45,"column":0},"end":{"line":45,"column":23}},"28":{"start":{"line":48,"column":0},"end":{"line":48,"column":36}},"29":{"start":{"line":49,"column":0},"end":{"line":49,"column":36}},"30":{"start":{"line":50,"column":0},"end":{"line":50,"column":39}},"31":{"start":{"line":51,"column":0},"end":{"line":51,"column":52}},"32":{"start":{"line":52,"column":0},"end":{"line":52,"column":43}},"33":{"start":{"line":53,"column":0},"end":{"line":53,"column":43}},"34":{"start":{"line":54,"column":0},"end":{"line":54,"column":41}},"35":{"start":{"line":55,"column":0},"end":{"line":55,"column":53}},"36":{"start":{"line":56,"column":0},"end":{"line":56,"column":40}},"37":{"start":{"line":58,"column":0},"end":{"line":60,"column":3}},"38":{"start":{"line":59,"column":2},"end":{"line":59,"column":76}},"39":{"start":{"line":62,"column":0},"end":{"line":74,"column":3}},"40":{"start":{"line":63,"column":2},"end":{"line":63,"column":63}},"41":{"start":{"line":65,"column":2},"end":{"line":67,"column":3}},"42":{"start":{"line":66,"column":4},"end":{"line":66,"column":65}},"43":{"start":{"line":69,"column":2},"end":{"line":73,"column":4}},"44":{"start":{"line":76,"column":0},"end":{"line":76,"column":19}}},"fnMap":{"0":{"name":"(anonymous_1)","decl":{"start":{"line":21,"column":10},"end":{"line":21,"column":11}},"loc":{"start":{"line":21,"column":97},"end":{"line":29,"column":3}}},"1":{"name":"(anonymous_2)","decl":{"start":{"line":58,"column":8},"end":{"line":58,"column":9}},"loc":{"start":{"line":58,"column":40},"end":{"line":60,"column":1}}},"2":{"name":"(anonymous_3)","decl":{"start":{"line":62,"column":8},"end":{"line":62,"column":9}},"loc":{"start":{"line":62,"column":72},"end":{"line":74,"column":1}}}},"branchMap":{"0":{"loc":{"start":{"line":24,"column":4},"end":{"line":28,"column":5}},"type":"if","locations":[{"start":{"line":24,"column":4},"end":{"line":28,"column":5}},{"start":{"line":26,"column":11},"end":{"line":28,"column":5}}]},"1":{"loc":{"start":{"line":24,"column":8},"end":{"line":24,"column":50}},"type":"binary-expr","locations":[{"start":{"line":24,"column":8},"end":{"line":24,"column":15}},{"start":{"line":24,"column":19},"end":{"line":24,"column":50}}]},"2":{"loc":{"start":{"line":65,"column":2},"end":{"line":67,"column":3}},"type":"if","locations":[{"start":{"line":65,"column":2},"end":{"line":67,"column":3}},{"start":{},"end":{}}]}},"s":{"0":4,"1":4,"2":4,"3":4,"4":4,"5":4,"6":4,"7":4,"8":4,"9":4,"10":4,"11":4,"12":4,"13":4,"14":4,"15":4,"16":67,"17":67,"18":67,"19":0,"20":4,"21":4,"22":4,"23":4,"24":4,"25":4,"26":4,"27":4,"28":4,"29":4,"30":4,"31":4,"32":4,"33":4,"34":4,"35":4,"36":4,"37":4,"38":0,"39":4,"40":0,"41":0,"42":0,"43":0,"44":4},"f":{"0":67,"1":0,"2":0},"b":{"0":[67,0],"1":[67,0],"2":[0,0]}}
,"C:\\Users\\Nitro 5\\Desktop\\SkillSwap_web\\backend\\src\\socket.ts": {"path":"C:\\Users\\Nitro 5\\Desktop\\SkillSwap_web\\backend\\src\\socket.ts","statementMap":{"0":{"start":{"line":2,"column":0},"end":{"line":2,"column":43}},"1":{"start":{"line":3,"column":0},"end":{"line":3,"column":31}},"2":{"start":{"line":4,"column":0},"end":{"line":4,"column":48}},"3":{"start":{"line":5,"column":0},"end":{"line":5,"column":54}},"4":{"start":{"line":6,"column":0},"end":{"line":6,"column":63}},"5":{"start":{"line":8,"column":48},"end":{"line":8,"column":50}},"6":{"start":{"line":9,"column":32},"end":{"line":9,"column":36}},"7":{"start":{"line":11,"column":21},"end":{"line":11,"column":52}},"8":{"start":{"line":11,"column":42},"end":{"line":11,"column":52}},"9":{"start":{"line":11,"column":13},"end":{"line":11,"column":21}},"10":{"start":{"line":13,"column":32},"end":{"line":129,"column":1}},"11":{"start":{"line":14,"column":2},"end":{"line":20,"column":5}},"12":{"start":{"line":23,"column":2},"end":{"line":51,"column":5}},"13":{"start":{"line":24,"column":4},"end":{"line":24,"column":57}},"14":{"start":{"line":25,"column":16},"end":{"line":25,"column":43}},"15":{"start":{"line":28,"column":4},"end":{"line":35,"column":5}},"16":{"start":{"line":29,"column":22},"end":{"line":33,"column":12}},"17":{"start":{"line":30,"column":29},"end":{"line":30,"column":59}},"18":{"start":{"line":31,"column":8},"end":{"line":31,"column":43}},"19":{"start":{"line":31,"column":26},"end":{"line":31,"column":43}},"20":{"start":{"line":32,"column":8},"end":{"line":32,"column":19}},"21":{"start":{"line":34,"column":6},"end":{"line":34,"column":46}},"22":{"start":{"line":37,"column":4},"end":{"line":40,"column":5}},"23":{"start":{"line":38,"column":6},"end":{"line":38,"column":39}},"24":{"start":{"line":39,"column":6},"end":{"line":39,"column":72}},"25":{"start":{"line":42,"column":4},"end":{"line":50,"column":5}},"26":{"start":{"line":43,"column":22},"end":{"line":43,"column":68}},"27":{"start":{"line":44,"column":6},"end":{"line":44,"column":52}},"28":{"start":{"line":45,"column":6},"end":{"line":45,"column":33}},"29":{"start":{"line":46,"column":6},"end":{"line":46,"column":13}},"30":{"start":{"line":48,"column":6},"end":{"line":48,"column":60}},"31":{"start":{"line":49,"column":6},"end":{"line":49,"column":61}},"32":{"start":{"line":53,"column":2},"end":{"line":126,"column":5}},"33":{"start":{"line":54,"column":19},"end":{"line":54,"column":38}},"34":{"start":{"line":55,"column":4},"end":{"line":55,"column":70}},"35":{"start":{"line":58,"column":4},"end":{"line":58,"column":24}},"36":{"start":{"line":61,"column":4},"end":{"line":63,"column":5}},"37":{"start":{"line":62,"column":6},"end":{"line":62,"column":34}},"38":{"start":{"line":64,"column":4},"end":{"line":64,"column":30}},"39":{"start":{"line":66,"column":4},"end":{"line":68,"column":5}},"40":{"start":{"line":67,"column":6},"end":{"line":67,"column":51}},"41":{"start":{"line":71,"column":24},"end":{"line":71,"column":90}},"42":{"start":{"line":71,"column":66},"end":{"line":71,"column":89}},"43":{"start":{"line":72,"column":4},"end":{"line":72,"column":45}},"44":{"start":{"line":74,"column":4},"end":{"line":113,"column":7}},"45":{"start":{"line":75,"column":6},"end":{"line":112,"column":7}},"46":{"start":{"line":76,"column":59},"end":{"line":76,"column":63}},"47":{"start":{"line":77,"column":25},"end":{"line":77,"column":44}},"48":{"start":{"line":80,"column":28},"end":{"line":85,"column":10}},"49":{"start":{"line":87,"column":8},"end":{"line":90,"column":9}},"50":{"start":{"line":88,"column":10},"end":{"line":88,"column":102}},"51":{"start":{"line":88,"column":24},"end":{"line":88,"column":102}},"52":{"start":{"line":89,"column":10},"end":{"line":89,"column":17}},"53":{"start":{"line":93,"column":24},"end":{"line":99,"column":10}},"54":{"start":{"line":100,"column":8},"end":{"line":100,"column":29}},"55":{"start":{"line":103,"column":8},"end":{"line":103,"column":68}},"56":{"start":{"line":106,"column":8},"end":{"line":106,"column":48}},"57":{"start":{"line":108,"column":8},"end":{"line":108,"column":59}},"58":{"start":{"line":108,"column":22},"end":{"line":108,"column":59}},"59":{"start":{"line":110,"column":8},"end":{"line":110,"column":66}},"60":{"start":{"line":111,"column":8},"end":{"line":111,"column":84}},"61":{"start":{"line":111,"column":22},"end":{"line":111,"column":84}},"62":{"start":{"line":115,"column":4},"end":{"line":125,"column":7}},"63":{"start":{"line":116,"column":6},"end":{"line":116,"column":55}},"64":{"start":{"line":118,"column":6},"end":{"line":124,"column":7}},"65":{"start":{"line":119,"column":8},"end":{"line":119,"column":34}},"66":{"start":{"line":120,"column":8},"end":{"line":123,"column":9}},"67":{"start":{"line":121,"column":10},"end":{"line":121,"column":41}},"68":{"start":{"line":122,"column":10},"end":{"line":122,"column":56}},"69":{"start":{"line":128,"column":2},"end":{"line":128,"column":20}},"70":{"start":{"line":13,"column":13},"end":{"line":13,"column":32}}},"fnMap":{"0":{"name":"(anonymous_1)","decl":{"start":{"line":11,"column":21},"end":{"line":11,"column":39}},"loc":{"start":{"line":11,"column":42},"end":{"line":11,"column":52}}},"1":{"name":"(anonymous_2)","decl":{"start":{"line":13,"column":32},"end":{"line":13,"column":33}},"loc":{"start":{"line":13,"column":59},"end":{"line":129,"column":1}}},"2":{"name":"(anonymous_3)","decl":{"start":{"line":23,"column":17},"end":{"line":23,"column":18}},"loc":{"start":{"line":23,"column":34},"end":{"line":51,"column":3}}},"3":{"name":"(anonymous_4)","decl":{"start":{"line":29,"column":70},"end":{"line":29,"column":71}},"loc":{"start":{"line":29,"column":116},"end":{"line":33,"column":7}}},"4":{"name":"(anonymous_5)","decl":{"start":{"line":53,"column":30},"end":{"line":53,"column":31}},"loc":{"start":{"line":53,"column":49},"end":{"line":126,"column":3}}},"5":{"name":"(anonymous_6)","decl":{"start":{"line":71,"column":60},"end":{"line":71,"column":62}},"loc":{"start":{"line":71,"column":66},"end":{"line":71,"column":89}}},"6":{"name":"(anonymous_7)","decl":{"start":{"line":74,"column":30},"end":{"line":74,"column":35}},"loc":{"start":{"line":74,"column":133},"end":{"line":113,"column":5}}},"7":{"name":"(anonymous_8)","decl":{"start":{"line":115,"column":28},"end":{"line":115,"column":31}},"loc":{"start":{"line":115,"column":33},"end":{"line":125,"column":5}}}},"branchMap":{"0":{"loc":{"start":{"line":28,"column":4},"end":{"line":35,"column":5}},"type":"if","locations":[{"start":{"line":28,"column":4},"end":{"line":35,"column":5}},{"start":{},"end":{}}]},"1":{"loc":{"start":{"line":28,"column":8},"end":{"line":28,"column":47}},"type":"binary-expr","locations":[{"start":{"line":28,"column":8},"end":{"line":28,"column":14}},{"start":{"line":28,"column":18},"end":{"line":28,"column":47}}]},"2":{"loc":{"start":{"line":31,"column":8},"end":{"line":31,"column":43}},"type":"if","locations":[{"start":{"line":31,"column":8},"end":{"line":31,"column":43}},{"start":{},"end":{}}]},"3":{"loc":{"start":{"line":31,"column":12},"end":{"line":31,"column":24}},"type":"binary-expr","locations":[{"start":{"line":31,"column":12},"end":{"line":31,"column":15}},{"start":{"line":31,"column":19},"end":{"line":31,"column":24}}]},"4":{"loc":{"start":{"line":37,"column":4},"end":{"line":40,"column":5}},"type":"if","locations":[{"start":{"line":37,"column":4},"end":{"line":40,"column":5}},{"start":{},"end":{}}]},"5":{"loc":{"start":{"line":61,"column":4},"end":{"line":63,"column":5}},"type":"if","locations":[{"start":{"line":61,"column":4},"end":{"line":63,"column":5}},{"start":{},"end":{}}]},"6":{"loc":{"start":{"line":66,"column":4},"end":{"line":68,"column":5}},"type":"if","locations":[{"start":{"line":66,"column":4},"end":{"line":68,"column":5}},{"start":{},"end":{}}]},"7":{"loc":{"start":{"line":87,"column":8},"end":{"line":90,"column":9}},"type":"if","locations":[{"start":{"line":87,"column":8},"end":{"line":90,"column":9}},{"start":{},"end":{}}]},"8":{"loc":{"start":{"line":88,"column":10},"end":{"line":88,"column":102}},"type":"if","locations":[{"start":{"line":88,"column":10},"end":{"line":88,"column":102}},{"start":{},"end":{}}]},"9":{"loc":{"start":{"line":108,"column":8},"end":{"line":108,"column":59}},"type":"if","locations":[{"start":{"line":108,"column":8},"end":{"line":108,"column":59}},{"start":{},"end":{}}]},"10":{"loc":{"start":{"line":111,"column":8},"end":{"line":111,"column":84}},"type":"if","locations":[{"start":{"line":111,"column":8},"end":{"line":111,"column":84}},{"start":{},"end":{}}]},"11":{"loc":{"start":{"line":118,"column":6},"end":{"line":124,"column":7}},"type":"if","locations":[{"start":{"line":118,"column":6},"end":{"line":124,"column":7}},{"start":{},"end":{}}]},"12":{"loc":{"start":{"line":120,"column":8},"end":{"line":123,"column":9}},"type":"if","locations":[{"start":{"line":120,"column":8},"end":{"line":123,"column":9}},{"start":{},"end":{}}]}},"s":{"0":5,"1":5,"2":5,"3":5,"4":5,"5":5,"6":5,"7":5,"8":3,"9":5,"10":5,"11":3,"12":3,"13":3,"14":3,"15":3,"16":1,"17":2,"18":2,"19":2,"20":2,"21":1,"22":3,"23":1,"24":1,"25":2,"26":2,"27":1,"28":1,"29":1,"30":1,"31":1,"32":3,"33":2,"34":2,"35":2,"36":2,"37":2,"38":2,"39":2,"40":2,"41":2,"42":2,"43":2,"44":2,"45":3,"46":3,"47":3,"48":3,"49":2,"50":1,"51":1,"52":1,"53":1,"54":1,"55":1,"56":1,"57":1,"58":1,"59":1,"60":1,"61":1,"62":2,"63":2,"64":2,"65":2,"66":2,"67":2,"68":2,"69":3,"70":5},"f":{"0":3,"1":3,"2":3,"3":2,"4":2,"5":2,"6":3,"7":2},"b":{"0":[1,2],"1":[3,2],"2":[2,0],"3":[2,2],"4":[1,2],"5":[2,0],"6":[2,0],"7":[1,1],"8":[1,0],"9":[1,0],"10":[1,0],"11":[2,0],"12":[2,0]}}
,"C:\\Users\\Nitro 5\\Desktop\\SkillSwap_web\\backend\\src\\configs\\constant.ts": {"path":"C:\\Users\\Nitro 5\\Desktop\\SkillSwap_web\\backend\\src\\configs\\constant.ts","statementMap":{"0":{"start":{"line":1,"column":0},"end":{"line":1,"column":28}},"1":{"start":{"line":2,"column":0},"end":{"line":2,"column":16}},"2":{"start":{"line":4,"column":13},"end":{"line":4,"column":96}},"3":{"start":{"line":5,"column":13},"end":{"line":5,"column":45}},"4":{"start":{"line":6,"column":13},"end":{"line":6,"column":84}},"5":{"start":{"line":7,"column":13},"end":{"line":7,"column":62}},"6":{"start":{"line":9,"column":13},"end":{"line":9,"column":67}},"7":{"start":{"line":10,"column":13},"end":{"line":10,"column":75}},"8":{"start":{"line":12,"column":13},"end":{"line":12,"column":67}},"9":{"start":{"line":13,"column":13},"end":{"line":13,"column":66}},"10":{"start":{"line":14,"column":13},"end":{"line":14,"column":53}},"11":{"start":{"line":15,"column":13},"end":{"line":15,"column":53}},"12":{"start":{"line":16,"column":13},"end":{"line":16,"column":80}},"13":{"start":{"line":17,"column":13},"end":{"line":17,"column":69}},"14":{"start":{"line":18,"column":13},"end":{"line":18,"column":59}},"15":{"start":{"line":19,"column":13},"end":{"line":19,"column":65}}},"fnMap":{},"branchMap":{"0":{"loc":{"start":{"line":4,"column":27},"end":{"line":4,"column":95}},"type":"binary-expr","locations":[{"start":{"line":4,"column":27},"end":{"line":4,"column":51}},{"start":{"line":4,"column":55},"end":{"line":4,"column":95}}]},"1":{"loc":{"start":{"line":5,"column":20},"end":{"line":5,"column":44}},"type":"binary-expr","locations":[{"start":{"line":5,"column":20},"end":{"line":5,"column":36}},{"start":{"line":5,"column":40},"end":{"line":5,"column":44}}]},"2":{"loc":{"start":{"line":6,"column":26},"end":{"line":6,"column":83}},"type":"binary-expr","locations":[{"start":{"line":6,"column":26},"end":{"line":6,"column":48}},{"start":{"line":6,"column":52},"end":{"line":6,"column":83}}]},"3":{"loc":{"start":{"line":7,"column":24},"end":{"line":7,"column":61}},"type":"binary-expr","locations":[{"start":{"line":7,"column":24},"end":{"line":7,"column":44}},{"start":{"line":7,"column":48},"end":{"line":7,"column":61}}]},"4":{"loc":{"start":{"line":9,"column":32},"end":{"line":9,"column":66}},"type":"binary-expr","locations":[{"start":{"line":9,"column":32},"end":{"line":9,"column":60}},{"start":{"line":9,"column":64},"end":{"line":9,"column":66}}]},"5":{"loc":{"start":{"line":10,"column":36},"end":{"line":10,"column":74}},"type":"binary-expr","locations":[{"start":{"line":10,"column":36},"end":{"line":10,"column":68}},{"start":{"line":10,"column":72},"end":{"line":10,"column":74}}]},"6":{"loc":{"start":{"line":12,"column":25},"end":{"line":12,"column":66}},"type":"binary-expr","locations":[{"start":{"line":12,"column":25},"end":{"line":12,"column":46}},{"start":{"line":12,"column":50},"end":{"line":12,"column":66}}]},"7":{"loc":{"start":{"line":13,"column":34},"end":{"line":13,"column":64}},"type":"binary-expr","locations":[{"start":{"line":13,"column":34},"end":{"line":13,"column":55}},{"start":{"line":13,"column":59},"end":{"line":13,"column":64}}]},"8":{"loc":{"start":{"line":14,"column":25},"end":{"line":14,"column":52}},"type":"binary-expr","locations":[{"start":{"line":14,"column":25},"end":{"line":14,"column":46}},{"start":{"line":14,"column":50},"end":{"line":14,"column":52}}]},"9":{"loc":{"start":{"line":15,"column":25},"end":{"line":15,"column":52}},"type":"binary-expr","locations":[{"start":{"line":15,"column":25},"end":{"line":15,"column":46}},{"start":{"line":15,"column":50},"end":{"line":15,"column":52}}]},"10":{"loc":{"start":{"line":16,"column":28},"end":{"line":16,"column":79}},"type":"binary-expr","locations":[{"start":{"line":16,"column":28},"end":{"line":16,"column":52}},{"start":{"line":16,"column":56},"end":{"line":16,"column":79}}]},"11":{"loc":{"start":{"line":17,"column":33},"end":{"line":17,"column":68}},"type":"binary-expr","locations":[{"start":{"line":17,"column":33},"end":{"line":17,"column":62}},{"start":{"line":17,"column":66},"end":{"line":17,"column":68}}]},"12":{"loc":{"start":{"line":18,"column":28},"end":{"line":18,"column":58}},"type":"binary-expr","locations":[{"start":{"line":18,"column":28},"end":{"line":18,"column":52}},{"start":{"line":18,"column":56},"end":{"line":18,"column":58}}]},"13":{"loc":{"start":{"line":19,"column":31},"end":{"line":19,"column":64}},"type":"binary-expr","locations":[{"start":{"line":19,"column":31},"end":{"line":19,"column":58}},{"start":{"line":19,"column":62},"end":{"line":19,"column":64}}]}},"s":{"0":6,"1":6,"2":6,"3":6,"4":6,"5":6,"6":6,"7":6,"8":6,"9":6,"10":6,"11":6,"12":6,"13":6,"14":6,"15":6},"f":{},"b":{"0":[6,0],"1":[6,0],"2":[6,0],"3":[6,0],"4":[6,0],"5":[6,0],"6":[6,0],"7":[6,0],"8":[6,0],"9":[6,0],"10":[6,0],"11":[6,0],"12":[6,0],"13":[6,0]}}
,"C:\\Users\\Nitro 5\\Desktop\\SkillSwap_web\\backend\\src\\controllers\\message.controller.ts": {"path":"C:\\Users\\Nitro 5\\Desktop\\SkillSwap_web\\backend\\src\\controllers\\message.controller.ts","statementMap":{"0":{"start":{"line":2,"column":0},"end":{"line":2,"column":55}},"1":{"start":{"line":3,"column":0},"end":{"line":3,"column":60}},"2":{"start":{"line":7,"column":31},"end":{"line":27,"column":1}},"3":{"start":{"line":8,"column":2},"end":{"line":26,"column":3}},"4":{"start":{"line":9,"column":23},"end":{"line":9,"column":33}},"5":{"start":{"line":10,"column":18},"end":{"line":10,"column":64}},"6":{"start":{"line":12,"column":4},"end":{"line":14,"column":5}},"7":{"start":{"line":13,"column":6},"end":{"line":13,"column":67}},"8":{"start":{"line":16,"column":21},"end":{"line":21,"column":29}},"9":{"start":{"line":23,"column":4},"end":{"line":23,"column":89}},"10":{"start":{"line":25,"column":4},"end":{"line":25,"column":77}},"11":{"start":{"line":7,"column":13},"end":{"line":7,"column":31}},"12":{"start":{"line":29,"column":26},"end":{"line":47,"column":1}},"13":{"start":{"line":30,"column":2},"end":{"line":46,"column":3}},"14":{"start":{"line":31,"column":25},"end":{"line":31,"column":33}},"15":{"start":{"line":32,"column":18},"end":{"line":32,"column":64}},"16":{"start":{"line":34,"column":4},"end":{"line":36,"column":5}},"17":{"start":{"line":35,"column":6},"end":{"line":35,"column":67}},"18":{"start":{"line":38,"column":4},"end":{"line":41,"column":6}},"19":{"start":{"line":43,"column":4},"end":{"line":43,"column":75}},"20":{"start":{"line":45,"column":4},"end":{"line":45,"column":80}},"21":{"start":{"line":29,"column":13},"end":{"line":29,"column":26}},"22":{"start":{"line":49,"column":30},"end":{"line":63,"column":1}},"23":{"start":{"line":50,"column":2},"end":{"line":62,"column":3}},"24":{"start":{"line":51,"column":18},"end":{"line":51,"column":64}},"25":{"start":{"line":53,"column":4},"end":{"line":55,"column":5}},"26":{"start":{"line":54,"column":6},"end":{"line":54,"column":66}},"27":{"start":{"line":57,"column":18},"end":{"line":57,"column":86}},"28":{"start":{"line":59,"column":4},"end":{"line":59,"column":90}},"29":{"start":{"line":61,"column":4},"end":{"line":61,"column":77}},"30":{"start":{"line":49,"column":13},"end":{"line":49,"column":30}}},"fnMap":{"0":{"name":"(anonymous_0)","decl":{"start":{"line":7,"column":31},"end":{"line":7,"column":36}},"loc":{"start":{"line":7,"column":69},"end":{"line":27,"column":1}}},"1":{"name":"(anonymous_1)","decl":{"start":{"line":29,"column":26},"end":{"line":29,"column":31}},"loc":{"start":{"line":29,"column":64},"end":{"line":47,"column":1}}},"2":{"name":"(anonymous_2)","decl":{"start":{"line":49,"column":30},"end":{"line":49,"column":35}},"loc":{"start":{"line":49,"column":68},"end":{"line":63,"column":1}}}},"branchMap":{"0":{"loc":{"start":{"line":10,"column":18},"end":{"line":10,"column":64}},"type":"binary-expr","locations":[{"start":{"line":10,"column":18},"end":{"line":10,"column":39}},{"start":{"line":10,"column":44},"end":{"line":10,"column":64}}]},"1":{"loc":{"start":{"line":12,"column":4},"end":{"line":14,"column":5}},"type":"if","locations":[{"start":{"line":12,"column":4},"end":{"line":14,"column":5}},{"start":{},"end":{}}]},"2":{"loc":{"start":{"line":12,"column":8},"end":{"line":12,"column":24}},"type":"binary-expr","locations":[{"start":{"line":12,"column":8},"end":{"line":12,"column":13}},{"start":{"line":12,"column":17},"end":{"line":12,"column":24}}]},"3":{"loc":{"start":{"line":32,"column":18},"end":{"line":32,"column":64}},"type":"binary-expr","locations":[{"start":{"line":32,"column":18},"end":{"line":32,"column":39}},{"start":{"line":32,"column":44},"end":{"line":32,"column":64}}]},"4":{"loc":{"start":{"line":34,"column":4},"end":{"line":36,"column":5}},"type":"if","locations":[{"start":{"line":34,"column":4},"end":{"line":36,"column":5}},{"start":{},"end":{}}]},"5":{"loc":{"start":{"line":34,"column":8},"end":{"line":34,"column":26}},"type":"binary-expr","locations":[{"start":{"line":34,"column":8},"end":{"line":34,"column":13}},{"start":{"line":34,"column":17},"end":{"line":34,"column":26}}]},"6":{"loc":{"start":{"line":51,"column":18},"end":{"line":51,"column":64}},"type":"binary-expr","locations":[{"start":{"line":51,"column":18},"end":{"line":51,"column":39}},{"start":{"line":51,"column":44},"end":{"line":51,"column":64}}]},"7":{"loc":{"start":{"line":53,"column":4},"end":{"line":55,"column":5}},"type":"if","locations":[{"start":{"line":53,"column":4},"end":{"line":55,"column":5}},{"start":{},"end":{}}]}},"s":{"0":5,"1":5,"2":5,"3":3,"4":3,"5":3,"6":3,"7":1,"8":2,"9":2,"10":0,"11":5,"12":5,"13":2,"14":2,"15":2,"16":2,"17":1,"18":1,"19":1,"20":0,"21":5,"22":5,"23":3,"24":3,"25":3,"26":1,"27":2,"28":2,"29":0,"30":5},"f":{"0":3,"1":2,"2":3},"b":{"0":[3,0],"1":[1,2],"2":[3,3],"3":[2,0],"4":[1,1],"5":[2,2],"6":[3,1],"7":[1,2]}}
,"C:\\Users\\Nitro 5\\Desktop\\SkillSwap_web\\backend\\src\\controllers\\notification.controller.ts": {"path":"C:\\Users\\Nitro 5\\Desktop\\SkillSwap_web\\backend\\src\\controllers\\notification.controller.ts","statementMap":{"0":{"start":{"line":2,"column":0},"end":{"line":2,"column":71}},"1":{"start":{"line":3,"column":0},"end":{"line":3,"column":60}},"2":{"start":{"line":7,"column":4},"end":{"line":17,"column":5}},"3":{"start":{"line":8,"column":21},"end":{"line":8,"column":59}},"4":{"start":{"line":9,"column":6},"end":{"line":11,"column":7}},"5":{"start":{"line":10,"column":8},"end":{"line":10,"column":75}},"6":{"start":{"line":13,"column":21},"end":{"line":13,"column":86}},"7":{"start":{"line":14,"column":6},"end":{"line":14,"column":90}},"8":{"start":{"line":16,"column":6},"end":{"line":16,"column":18}},"9":{"start":{"line":21,"column":4},"end":{"line":37,"column":5}},"10":{"start":{"line":22,"column":21},"end":{"line":22,"column":59}},"11":{"start":{"line":23,"column":21},"end":{"line":23,"column":31}},"12":{"start":{"line":25,"column":6},"end":{"line":27,"column":7}},"13":{"start":{"line":26,"column":8},"end":{"line":26,"column":75}},"14":{"start":{"line":29,"column":27},"end":{"line":29,"column":96}},"15":{"start":{"line":30,"column":6},"end":{"line":32,"column":7}},"16":{"start":{"line":31,"column":8},"end":{"line":31,"column":75}},"17":{"start":{"line":34,"column":6},"end":{"line":34,"column":89}},"18":{"start":{"line":36,"column":6},"end":{"line":36,"column":18}},"19":{"start":{"line":41,"column":4},"end":{"line":51,"column":5}},"20":{"start":{"line":42,"column":21},"end":{"line":42,"column":59}},"21":{"start":{"line":43,"column":6},"end":{"line":45,"column":7}},"22":{"start":{"line":44,"column":8},"end":{"line":44,"column":75}},"23":{"start":{"line":47,"column":6},"end":{"line":47,"column":65}},"24":{"start":{"line":48,"column":6},"end":{"line":48,"column":80}},"25":{"start":{"line":50,"column":6},"end":{"line":50,"column":18}},"26":{"start":{"line":5,"column":0},"end":{"line":5,"column":13}}},"fnMap":{"0":{"name":"(anonymous_0)","decl":{"start":{"line":6,"column":2},"end":{"line":6,"column":8}},"loc":{"start":{"line":6,"column":79},"end":{"line":18,"column":3}}},"1":{"name":"(anonymous_1)","decl":{"start":{"line":20,"column":2},"end":{"line":20,"column":8}},"loc":{"start":{"line":20,"column":73},"end":{"line":38,"column":3}}},"2":{"name":"(anonymous_2)","decl":{"start":{"line":40,"column":2},"end":{"line":40,"column":8}},"loc":{"start":{"line":40,"column":76},"end":{"line":52,"column":3}}}},"branchMap":{"0":{"loc":{"start":{"line":8,"column":21},"end":{"line":8,"column":59}},"type":"binary-expr","locations":[{"start":{"line":8,"column":21},"end":{"line":8,"column":34}},{"start":{"line":8,"column":39},"end":{"line":8,"column":59}}]},"1":{"loc":{"start":{"line":9,"column":6},"end":{"line":11,"column":7}},"type":"if","locations":[{"start":{"line":9,"column":6},"end":{"line":11,"column":7}},{"start":{},"end":{}}]},"2":{"loc":{"start":{"line":22,"column":21},"end":{"line":22,"column":59}},"type":"binary-expr","locations":[{"start":{"line":22,"column":21},"end":{"line":22,"column":34}},{"start":{"line":22,"column":39},"end":{"line":22,"column":59}}]},"3":{"loc":{"start":{"line":25,"column":6},"end":{"line":27,"column":7}},"type":"if","locations":[{"start":{"line":25,"column":6},"end":{"line":27,"column":7}},{"start":{},"end":{}}]},"4":{"loc":{"start":{"line":30,"column":6},"end":{"line":32,"column":7}},"type":"if","locations":[{"start":{"line":30,"column":6},"end":{"line":32,"column":7}},{"start":{},"end":{}}]},"5":{"loc":{"start":{"line":42,"column":21},"end":{"line":42,"column":59}},"type":"binary-expr","locations":[{"start":{"line":42,"column":21},"end":{"line":42,"column":34}},{"start":{"line":42,"column":39},"end":{"line":42,"column":59}}]},"6":{"loc":{"start":{"line":43,"column":6},"end":{"line":45,"column":7}},"type":"if","locations":[{"start":{"line":43,"column":6},"end":{"line":45,"column":7}},{"start":{},"end":{}}]}},"s":{"0":5,"1":5,"2":4,"3":4,"4":4,"5":1,"6":3,"7":2,"8":1,"9":4,"10":4,"11":4,"12":4,"13":1,"14":3,"15":3,"16":1,"17":2,"18":0,"19":2,"20":2,"21":2,"22":1,"23":1,"24":1,"25":0,"26":5},"f":{"0":4,"1":4,"2":2},"b":{"0":[4,2],"1":[1,3],"2":[4,1],"3":[1,3],"4":[1,2],"5":[2,1],"6":[1,1]}}
,"C:\\Users\\Nitro 5\\Desktop\\SkillSwap_web\\backend\\src\\controllers\\review.controller.ts": {"path":"C:\\Users\\Nitro 5\\Desktop\\SkillSwap_web\\backend\\src\\controllers\\review.controller.ts","statementMap":{"0":{"start":{"line":2,"column":0},"end":{"line":2,"column":53}},"1":{"start":{"line":4,"column":0},"end":{"line":4,"column":64}},"2":{"start":{"line":5,"column":0},"end":{"line":5,"column":60}},"3":{"start":{"line":7,"column":28},"end":{"line":35,"column":1}},"4":{"start":{"line":8,"column":2},"end":{"line":34,"column":3}},"5":{"start":{"line":9,"column":23},"end":{"line":9,"column":78}},"6":{"start":{"line":10,"column":47},"end":{"line":10,"column":55}},"7":{"start":{"line":12,"column":4},"end":{"line":14,"column":5}},"8":{"start":{"line":13,"column":6},"end":{"line":13,"column":88}},"9":{"start":{"line":16,"column":24},"end":{"line":16,"column":70}},"10":{"start":{"line":17,"column":4},"end":{"line":17,"column":89}},"11":{"start":{"line":17,"column":22},"end":{"line":17,"column":89}},"12":{"start":{"line":18,"column":4},"end":{"line":18,"column":118}},"13":{"start":{"line":18,"column":44},"end":{"line":18,"column":118}},"14":{"start":{"line":20,"column":21},"end":{"line":20,"column":49}},"15":{"start":{"line":21,"column":23},"end":{"line":21,"column":53}},"16":{"start":{"line":23,"column":4},"end":{"line":25,"column":5}},"17":{"start":{"line":24,"column":6},"end":{"line":24,"column":81}},"18":{"start":{"line":27,"column":23},"end":{"line":27,"column":70}},"19":{"start":{"line":29,"column":19},"end":{"line":29,"column":103}},"20":{"start":{"line":30,"column":4},"end":{"line":30,"column":79}},"21":{"start":{"line":32,"column":4},"end":{"line":32,"column":109}},"22":{"start":{"line":32,"column":30},"end":{"line":32,"column":109}},"23":{"start":{"line":33,"column":4},"end":{"line":33,"column":72}},"24":{"start":{"line":7,"column":13},"end":{"line":7,"column":28}},"25":{"start":{"line":37,"column":33},"end":{"line":52,"column":1}},"26":{"start":{"line":38,"column":2},"end":{"line":51,"column":3}},"27":{"start":{"line":39,"column":23},"end":{"line":39,"column":33}},"28":{"start":{"line":40,"column":20},"end":{"line":42,"column":30}},"29":{"start":{"line":44,"column":16},"end":{"line":46,"column":9}},"30":{"start":{"line":45,"column":35},"end":{"line":45,"column":49}},"31":{"start":{"line":48,"column":4},"end":{"line":48,"column":139}},"32":{"start":{"line":50,"column":4},"end":{"line":50,"column":72}},"33":{"start":{"line":37,"column":13},"end":{"line":37,"column":33}},"34":{"start":{"line":54,"column":27},"end":{"line":63,"column":1}},"35":{"start":{"line":55,"column":2},"end":{"line":62,"column":3}},"36":{"start":{"line":56,"column":23},"end":{"line":56,"column":78}},"37":{"start":{"line":57,"column":30},"end":{"line":57,"column":40}},"38":{"start":{"line":58,"column":21},"end":{"line":58,"column":77}},"39":{"start":{"line":59,"column":4},"end":{"line":59,"column":86}},"40":{"start":{"line":61,"column":4},"end":{"line":61,"column":71}},"41":{"start":{"line":54,"column":13},"end":{"line":54,"column":27}}},"fnMap":{"0":{"name":"(anonymous_0)","decl":{"start":{"line":7,"column":28},"end":{"line":7,"column":33}},"loc":{"start":{"line":7,"column":66},"end":{"line":35,"column":1}}},"1":{"name":"(anonymous_1)","decl":{"start":{"line":37,"column":33},"end":{"line":37,"column":38}},"loc":{"start":{"line":37,"column":71},"end":{"line":52,"column":1}}},"2":{"name":"(anonymous_2)","decl":{"start":{"line":45,"column":23},"end":{"line":45,"column":24}},"loc":{"start":{"line":45,"column":35},"end":{"line":45,"column":49}}},"3":{"name":"(anonymous_3)","decl":{"start":{"line":54,"column":27},"end":{"line":54,"column":32}},"loc":{"start":{"line":54,"column":65},"end":{"line":63,"column":1}}}},"branchMap":{"0":{"loc":{"start":{"line":9,"column":31},"end":{"line":9,"column":77}},"type":"binary-expr","locations":[{"start":{"line":9,"column":31},"end":{"line":9,"column":52}},{"start":{"line":9,"column":57},"end":{"line":9,"column":77}}]},"1":{"loc":{"start":{"line":12,"column":4},"end":{"line":14,"column":5}},"type":"if","locations":[{"start":{"line":12,"column":4},"end":{"line":14,"column":5}},{"start":{},"end":{}}]},"2":{"loc":{"start":{"line":12,"column":8},"end":{"line":12,"column":33}},"type":"binary-expr","locations":[{"start":{"line":12,"column":8},"end":{"line":12,"column":22}},{"start":{"line":12,"column":26},"end":{"line":12,"column":33}}]},"3":{"loc":{"start":{"line":17,"column":4},"end":{"line":17,"column":89}},"type":"if","locations":[{"start":{"line":17,"column":4},"end":{"line":17,"column":89}},{"start":{},"end":{}}]},"4":{"loc":{"start":{"line":18,"column":4},"end":{"line":18,"column":118}},"type":"if","locations":[{"start":{"line":18,"column":4},"end":{"line":18,"column":118}},{"start":{},"end":{}}]},"5":{"loc":{"start":{"line":23,"column":4},"end":{"line":25,"column":5}},"type":"if","locations":[{"start":{"line":23,"column":4},"end":{"line":25,"column":5}},{"start":{},"end":{}}]},"6":{"loc":{"start":{"line":23,"column":8},"end":{"line":23,"column":60}},"type":"binary-expr","locations":[{"start":{"line":23,"column":8},"end":{"line":23,"column":31}},{"start":{"line":23,"column":35},"end":{"line":23,"column":60}}]},"7":{"loc":{"start":{"line":27,"column":23},"end":{"line":27,"column":70}},"type":"cond-expr","locations":[{"start":{"line":27,"column":49},"end":{"line":27,"column":59}},{"start":{"line":27,"column":62},"end":{"line":27,"column":70}}]},"8":{"loc":{"start":{"line":32,"column":4},"end":{"line":32,"column":109}},"type":"if","locations":[{"start":{"line":32,"column":4},"end":{"line":32,"column":109}},{"start":{},"end":{}}]},"9":{"loc":{"start":{"line":44,"column":16},"end":{"line":46,"column":9}},"type":"cond-expr","locations":[{"start":{"line":45,"column":8},"end":{"line":45,"column":70}},{"start":{"line":46,"column":8},"end":{"line":46,"column":9}}]},"10":{"loc":{"start":{"line":56,"column":31},"end":{"line":56,"column":77}},"type":"binary-expr","locations":[{"start":{"line":56,"column":31},"end":{"line":56,"column":52}},{"start":{"line":56,"column":57},"end":{"line":56,"column":77}}]}},"s":{"0":5,"1":5,"2":5,"3":5,"4":5,"5":5,"6":5,"7":5,"8":1,"9":4,"10":4,"11":1,"12":3,"13":1,"14":2,"15":2,"16":2,"17":0,"18":2,"19":2,"20":2,"21":0,"22":0,"23":0,"24":5,"25":5,"26":1,"27":1,"28":1,"29":1,"30":2,"31":1,"32":0,"33":5,"34":5,"35":2,"36":2,"37":2,"38":2,"39":2,"40":0,"41":5},"f":{"0":5,"1":1,"2":2,"3":2},"b":{"0":[5,0],"1":[1,4],"2":[5,4],"3":[1,3],"4":[1,2],"5":[0,2],"6":[2,0],"7":[2,0],"8":[0,0],"9":[1,0],"10":[2,0]}}
,"C:\\Users\\Nitro 5\\Desktop\\SkillSwap_web\\backend\\src\\controllers\\session.controller.ts": {"path":"C:\\Users\\Nitro 5\\Desktop\\SkillSwap_web\\backend\\src\\controllers\\session.controller.ts","statementMap":{"0":{"start":{"line":2,"column":0},"end":{"line":2,"column":55}},"1":{"start":{"line":4,"column":0},"end":{"line":4,"column":60}},"2":{"start":{"line":5,"column":0},"end":{"line":5,"column":71}},"3":{"start":{"line":8,"column":29},"end":{"line":31,"column":1}},"4":{"start":{"line":9,"column":2},"end":{"line":30,"column":3}},"5":{"start":{"line":10,"column":63},"end":{"line":10,"column":71}},"6":{"start":{"line":11,"column":25},"end":{"line":11,"column":71}},"7":{"start":{"line":13,"column":4},"end":{"line":15,"column":5}},"8":{"start":{"line":14,"column":6},"end":{"line":14,"column":74}},"9":{"start":{"line":17,"column":20},"end":{"line":23,"column":6}},"10":{"start":{"line":25,"column":4},"end":{"line":25,"column":25}},"11":{"start":{"line":27,"column":4},"end":{"line":27,"column":92}},"12":{"start":{"line":29,"column":4},"end":{"line":29,"column":73}},"13":{"start":{"line":8,"column":13},"end":{"line":8,"column":29}},"14":{"start":{"line":33,"column":31},"end":{"line":76,"column":1}},"15":{"start":{"line":34,"column":2},"end":{"line":75,"column":3}},"16":{"start":{"line":35,"column":26},"end":{"line":35,"column":36}},"17":{"start":{"line":36,"column":44},"end":{"line":36,"column":52}},"18":{"start":{"line":37,"column":19},"end":{"line":37,"column":74}},"19":{"start":{"line":39,"column":4},"end":{"line":39,"column":100}},"20":{"start":{"line":39,"column":43},"end":{"line":39,"column":100}},"21":{"start":{"line":41,"column":4},"end":{"line":43,"column":5}},"22":{"start":{"line":42,"column":6},"end":{"line":42,"column":74}},"23":{"start":{"line":45,"column":20},"end":{"line":45,"column":58}},"24":{"start":{"line":46,"column":4},"end":{"line":46,"column":80}},"25":{"start":{"line":46,"column":18},"end":{"line":46,"column":80}},"26":{"start":{"line":48,"column":23},"end":{"line":48,"column":49}},"27":{"start":{"line":49,"column":24},"end":{"line":49,"column":51}},"28":{"start":{"line":51,"column":4},"end":{"line":53,"column":5}},"29":{"start":{"line":52,"column":6},"end":{"line":52,"column":88}},"30":{"start":{"line":55,"column":4},"end":{"line":55,"column":38}},"31":{"start":{"line":56,"column":4},"end":{"line":58,"column":5}},"32":{"start":{"line":57,"column":6},"end":{"line":57,"column":46}},"33":{"start":{"line":60,"column":4},"end":{"line":60,"column":25}},"34":{"start":{"line":63,"column":24},"end":{"line":63,"column":72}},"35":{"start":{"line":64,"column":4},"end":{"line":70,"column":7}},"36":{"start":{"line":72,"column":4},"end":{"line":72,"column":89}},"37":{"start":{"line":74,"column":4},"end":{"line":74,"column":75}},"38":{"start":{"line":33,"column":13},"end":{"line":33,"column":31}},"39":{"start":{"line":78,"column":29},"end":{"line":94,"column":1}},"40":{"start":{"line":79,"column":2},"end":{"line":93,"column":3}},"41":{"start":{"line":80,"column":20},"end":{"line":80,"column":66}},"42":{"start":{"line":82,"column":4},"end":{"line":84,"column":5}},"43":{"start":{"line":83,"column":6},"end":{"line":83,"column":63}},"44":{"start":{"line":86,"column":21},"end":{"line":88,"column":72}},"45":{"start":{"line":90,"column":4},"end":{"line":90,"column":89}},"46":{"start":{"line":92,"column":4},"end":{"line":92,"column":73}},"47":{"start":{"line":78,"column":13},"end":{"line":78,"column":29}},"48":{"start":{"line":96,"column":35},"end":{"line":121,"column":1}},"49":{"start":{"line":97,"column":2},"end":{"line":120,"column":3}},"50":{"start":{"line":98,"column":26},"end":{"line":98,"column":36}},"51":{"start":{"line":99,"column":23},"end":{"line":99,"column":31}},"52":{"start":{"line":100,"column":19},"end":{"line":100,"column":74}},"53":{"start":{"line":102,"column":4},"end":{"line":102,"column":100}},"54":{"start":{"line":102,"column":43},"end":{"line":102,"column":100}},"55":{"start":{"line":104,"column":20},"end":{"line":104,"column":58}},"56":{"start":{"line":105,"column":4},"end":{"line":105,"column":80}},"57":{"start":{"line":105,"column":18},"end":{"line":105,"column":80}},"58":{"start":{"line":107,"column":23},"end":{"line":107,"column":49}},"59":{"start":{"line":108,"column":24},"end":{"line":108,"column":51}},"60":{"start":{"line":110,"column":4},"end":{"line":112,"column":5}},"61":{"start":{"line":111,"column":6},"end":{"line":111,"column":88}},"62":{"start":{"line":114,"column":4},"end":{"line":114,"column":28}},"63":{"start":{"line":115,"column":4},"end":{"line":115,"column":25}},"64":{"start":{"line":117,"column":4},"end":{"line":117,"column":87}},"65":{"start":{"line":119,"column":4},"end":{"line":119,"column":91}},"66":{"start":{"line":96,"column":13},"end":{"line":96,"column":35}},"67":{"start":{"line":123,"column":30},"end":{"line":134,"column":1}},"68":{"start":{"line":124,"column":2},"end":{"line":133,"column":3}},"69":{"start":{"line":125,"column":21},"end":{"line":128,"column":30}},"70":{"start":{"line":130,"column":4},"end":{"line":130,"column":93}},"71":{"start":{"line":132,"column":4},"end":{"line":132,"column":73}},"72":{"start":{"line":123,"column":13},"end":{"line":123,"column":30}},"73":{"start":{"line":136,"column":37},"end":{"line":171,"column":1}},"74":{"start":{"line":137,"column":2},"end":{"line":170,"column":3}},"75":{"start":{"line":138,"column":26},"end":{"line":138,"column":36}},"76":{"start":{"line":139,"column":19},"end":{"line":139,"column":74}},"77":{"start":{"line":141,"column":4},"end":{"line":141,"column":100}},"78":{"start":{"line":141,"column":43},"end":{"line":141,"column":100}},"79":{"start":{"line":143,"column":28},"end":{"line":143,"column":66}},"80":{"start":{"line":144,"column":4},"end":{"line":144,"column":97}},"81":{"start":{"line":144,"column":26},"end":{"line":144,"column":97}},"82":{"start":{"line":146,"column":23},"end":{"line":146,"column":57}},"83":{"start":{"line":147,"column":24},"end":{"line":147,"column":59}},"84":{"start":{"line":149,"column":4},"end":{"line":151,"column":5}},"85":{"start":{"line":150,"column":6},"end":{"line":150,"column":85}},"86":{"start":{"line":153,"column":44},"end":{"line":153,"column":52}},"87":{"start":{"line":155,"column":23},"end":{"line":163,"column":6}},"88":{"start":{"line":165,"column":4},"end":{"line":165,"column":28}},"89":{"start":{"line":167,"column":4},"end":{"line":167,"column":101}},"90":{"start":{"line":169,"column":4},"end":{"line":169,"column":101}},"91":{"start":{"line":136,"column":13},"end":{"line":136,"column":37}}},"fnMap":{"0":{"name":"(anonymous_0)","decl":{"start":{"line":8,"column":29},"end":{"line":8,"column":34}},"loc":{"start":{"line":8,"column":67},"end":{"line":31,"column":1}}},"1":{"name":"(anonymous_1)","decl":{"start":{"line":33,"column":31},"end":{"line":33,"column":36}},"loc":{"start":{"line":33,"column":69},"end":{"line":76,"column":1}}},"2":{"name":"(anonymous_2)","decl":{"start":{"line":78,"column":29},"end":{"line":78,"column":34}},"loc":{"start":{"line":78,"column":67},"end":{"line":94,"column":1}}},"3":{"name":"(anonymous_3)","decl":{"start":{"line":96,"column":35},"end":{"line":96,"column":40}},"loc":{"start":{"line":96,"column":73},"end":{"line":121,"column":1}}},"4":{"name":"(anonymous_4)","decl":{"start":{"line":123,"column":30},"end":{"line":123,"column":35}},"loc":{"start":{"line":123,"column":68},"end":{"line":134,"column":1}}},"5":{"name":"(anonymous_5)","decl":{"start":{"line":136,"column":37},"end":{"line":136,"column":42}},"loc":{"start":{"line":136,"column":75},"end":{"line":171,"column":1}}}},"branchMap":{"0":{"loc":{"start":{"line":11,"column":25},"end":{"line":11,"column":71}},"type":"binary-expr","locations":[{"start":{"line":11,"column":25},"end":{"line":11,"column":46}},{"start":{"line":11,"column":51},"end":{"line":11,"column":71}}]},"1":{"loc":{"start":{"line":13,"column":4},"end":{"line":15,"column":5}},"type":"if","locations":[{"start":{"line":13,"column":4},"end":{"line":15,"column":5}},{"start":{},"end":{}}]},"2":{"loc":{"start":{"line":13,"column":8},"end":{"line":13,"column":51}},"type":"binary-expr","locations":[{"start":{"line":13,"column":8},"end":{"line":13,"column":20}},{"start":{"line":13,"column":24},"end":{"line":13,"column":35}},{"start":{"line":13,"column":39},"end":{"line":13,"column":51}}]},"3":{"loc":{"start":{"line":37,"column":27},"end":{"line":37,"column":73}},"type":"binary-expr","locations":[{"start":{"line":37,"column":27},"end":{"line":37,"column":48}},{"start":{"line":37,"column":53},"end":{"line":37,"column":73}}]},"4":{"loc":{"start":{"line":39,"column":4},"end":{"line":39,"column":100}},"type":"if","locations":[{"start":{"line":39,"column":4},"end":{"line":39,"column":100}},{"start":{},"end":{}}]},"5":{"loc":{"start":{"line":39,"column":8},"end":{"line":39,"column":41}},"type":"binary-expr","locations":[{"start":{"line":39,"column":8},"end":{"line":39,"column":15}},{"start":{"line":39,"column":19},"end":{"line":39,"column":41}}]},"6":{"loc":{"start":{"line":41,"column":4},"end":{"line":43,"column":5}},"type":"if","locations":[{"start":{"line":41,"column":4},"end":{"line":43,"column":5}},{"start":{},"end":{}}]},"7":{"loc":{"start":{"line":46,"column":4},"end":{"line":46,"column":80}},"type":"if","locations":[{"start":{"line":46,"column":4},"end":{"line":46,"column":80}},{"start":{},"end":{}}]},"8":{"loc":{"start":{"line":51,"column":4},"end":{"line":53,"column":5}},"type":"if","locations":[{"start":{"line":51,"column":4},"end":{"line":53,"column":5}},{"start":{},"end":{}}]},"9":{"loc":{"start":{"line":51,"column":8},"end":{"line":51,"column":55}},"type":"binary-expr","locations":[{"start":{"line":51,"column":8},"end":{"line":51,"column":29}},{"start":{"line":51,"column":33},"end":{"line":51,"column":55}}]},"10":{"loc":{"start":{"line":56,"column":4},"end":{"line":58,"column":5}},"type":"if","locations":[{"start":{"line":56,"column":4},"end":{"line":58,"column":5}},{"start":{},"end":{}}]},"11":{"loc":{"start":{"line":63,"column":24},"end":{"line":63,"column":72}},"type":"cond-expr","locations":[{"start":{"line":63,"column":48},"end":{"line":63,"column":59}},{"start":{"line":63,"column":62},"end":{"line":63,"column":72}}]},"12":{"loc":{"start":{"line":80,"column":20},"end":{"line":80,"column":66}},"type":"binary-expr","locations":[{"start":{"line":80,"column":20},"end":{"line":80,"column":41}},{"start":{"line":80,"column":46},"end":{"line":80,"column":66}}]},"13":{"loc":{"start":{"line":82,"column":4},"end":{"line":84,"column":5}},"type":"if","locations":[{"start":{"line":82,"column":4},"end":{"line":84,"column":5}},{"start":{},"end":{}}]},"14":{"loc":{"start":{"line":100,"column":27},"end":{"line":100,"column":73}},"type":"binary-expr","locations":[{"start":{"line":100,"column":27},"end":{"line":100,"column":48}},{"start":{"line":100,"column":53},"end":{"line":100,"column":73}}]},"15":{"loc":{"start":{"line":102,"column":4},"end":{"line":102,"column":100}},"type":"if","locations":[{"start":{"line":102,"column":4},"end":{"line":102,"column":100}},{"start":{},"end":{}}]},"16":{"loc":{"start":{"line":102,"column":8},"end":{"line":102,"column":41}},"type":"binary-expr","locations":[{"start":{"line":102,"column":8},"end":{"line":102,"column":15}},{"start":{"line":102,"column":19},"end":{"line":102,"column":41}}]},"17":{"loc":{"start":{"line":105,"column":4},"end":{"line":105,"column":80}},"type":"if","locations":[{"start":{"line":105,"column":4},"end":{"line":105,"column":80}},{"start":{},"end":{}}]},"18":{"loc":{"start":{"line":110,"column":4},"end":{"line":112,"column":5}},"type":"if","locations":[{"start":{"line":110,"column":4},"end":{"line":112,"column":5}},{"start":{},"end":{}}]},"19":{"loc":{"start":{"line":110,"column":8},"end":{"line":110,"column":55}},"type":"binary-expr","locations":[{"start":{"line":110,"column":8},"end":{"line":110,"column":29}},{"start":{"line":110,"column":33},"end":{"line":110,"column":55}}]},"20":{"loc":{"start":{"line":139,"column":27},"end":{"line":139,"column":73}},"type":"binary-expr","locations":[{"start":{"line":139,"column":27},"end":{"line":139,"column":48}},{"start":{"line":139,"column":53},"end":{"line":139,"column":73}}]},"21":{"loc":{"start":{"line":141,"column":4},"end":{"line":141,"column":100}},"type":"if","locations":[{"start":{"line":141,"column":4},"end":{"line":141,"column":100}},{"start":{},"end":{}}]},"22":{"loc":{"start":{"line":141,"column":8},"end":{"line":141,"column":41}},"type":"binary-expr","locations":[{"start":{"line":141,"column":8},"end":{"line":141,"column":15}},{"start":{"line":141,"column":19},"end":{"line":141,"column":41}}]},"23":{"loc":{"start":{"line":144,"column":4},"end":{"line":144,"column":97}},"type":"if","locations":[{"start":{"line":144,"column":4},"end":{"line":144,"column":97}},{"start":{},"end":{}}]},"24":{"loc":{"start":{"line":149,"column":4},"end":{"line":151,"column":5}},"type":"if","locations":[{"start":{"line":149,"column":4},"end":{"line":151,"column":5}},{"start":{},"end":{}}]},"25":{"loc":{"start":{"line":149,"column":8},"end":{"line":149,"column":55}},"type":"binary-expr","locations":[{"start":{"line":149,"column":8},"end":{"line":149,"column":29}},{"start":{"line":149,"column":33},"end":{"line":149,"column":55}}]},"26":{"loc":{"start":{"line":161,"column":10},"end":{"line":161,"column":40}},"type":"binary-expr","locations":[{"start":{"line":161,"column":10},"end":{"line":161,"column":21}},{"start":{"line":161,"column":25},"end":{"line":161,"column":40}}]},"27":{"loc":{"start":{"line":162,"column":10},"end":{"line":162,"column":46}},"type":"binary-expr","locations":[{"start":{"line":162,"column":10},"end":{"line":162,"column":24}},{"start":{"line":162,"column":28},"end":{"line":162,"column":46}}]}},"s":{"0":5,"1":5,"2":5,"3":5,"4":5,"5":5,"6":5,"7":5,"8":2,"9":3,"10":3,"11":2,"12":1,"13":5,"14":5,"15":6,"16":6,"17":6,"18":6,"19":6,"20":1,"21":5,"22":1,"23":4,"24":4,"25":1,"26":3,"27":3,"28":3,"29":1,"30":2,"31":2,"32":1,"33":2,"34":2,"35":2,"36":2,"37":0,"38":5,"39":5,"40":4,"41":4,"42":4,"43":1,"44":3,"45":2,"46":1,"47":5,"48":5,"49":4,"50":4,"51":4,"52":4,"53":4,"54":1,"55":3,"56":3,"57":1,"58":2,"59":2,"60":2,"61":0,"62":2,"63":2,"64":2,"65":0,"66":5,"67":5,"68":2,"69":2,"70":1,"71":1,"72":5,"73":5,"74":4,"75":4,"76":4,"77":4,"78":1,"79":3,"80":3,"81":0,"82":3,"83":3,"84":3,"85":1,"86":2,"87":2,"88":2,"89":1,"90":1,"91":5},"f":{"0":5,"1":6,"2":4,"3":4,"4":2,"5":4},"b":{"0":[5,0],"1":[2,3],"2":[5,5,3],"3":[6,1],"4":[1,5],"5":[6,6],"6":[1,4],"7":[1,3],"8":[1,2],"9":[3,1],"10":[1,1],"11":[2,0],"12":[4,1],"13":[1,3],"14":[4,1],"15":[1,3],"16":[4,4],"17":[1,2],"18":[0,2],"19":[2,0],"20":[4,1],"21":[1,3],"22":[4,4],"23":[0,3],"24":[1,2],"25":[3,1],"26":[2,1],"27":[2,1]}}
,"C:\\Users\\Nitro 5\\Desktop\\SkillSwap_web\\backend\\src\\controllers\\skill.controller.ts": {"path":"C:\\Users\\Nitro 5\\Desktop\\SkillSwap_web\\backend\\src\\controllers\\skill.controller.ts","statementMap":{"0":{"start":{"line":2,"column":0},"end":{"line":2,"column":57}},"1":{"start":{"line":3,"column":0},"end":{"line":3,"column":67}},"2":{"start":{"line":4,"column":0},"end":{"line":4,"column":60}},"3":{"start":{"line":10,"column":4},"end":{"line":10,"column":43}},"4":{"start":{"line":12,"column":4},"end":{"line":12,"column":51}},"5":{"start":{"line":13,"column":4},"end":{"line":13,"column":53}},"6":{"start":{"line":14,"column":4},"end":{"line":14,"column":53}},"7":{"start":{"line":15,"column":4},"end":{"line":15,"column":53}},"8":{"start":{"line":16,"column":4},"end":{"line":16,"column":51}},"9":{"start":{"line":17,"column":4},"end":{"line":17,"column":51}},"10":{"start":{"line":18,"column":4},"end":{"line":18,"column":59}},"11":{"start":{"line":19,"column":4},"end":{"line":19,"column":53}},"12":{"start":{"line":23,"column":4},"end":{"line":36,"column":5}},"13":{"start":{"line":24,"column":25},"end":{"line":24,"column":59}},"14":{"start":{"line":25,"column":6},"end":{"line":31,"column":7}},"15":{"start":{"line":26,"column":28},"end":{"line":26,"column":66}},"16":{"start":{"line":27,"column":39},"end":{"line":29,"column":22}},"17":{"start":{"line":28,"column":34},"end":{"line":28,"column":65}},"18":{"start":{"line":30,"column":8},"end":{"line":30,"column":73}},"19":{"start":{"line":32,"column":20},"end":{"line":32,"column":72}},"20":{"start":{"line":33,"column":6},"end":{"line":33,"column":90}},"21":{"start":{"line":35,"column":6},"end":{"line":35,"column":78}},"22":{"start":{"line":40,"column":4},"end":{"line":55,"column":5}},"23":{"start":{"line":41,"column":23},"end":{"line":41,"column":31}},"24":{"start":{"line":42,"column":21},"end":{"line":42,"column":83}},"25":{"start":{"line":44,"column":6},"end":{"line":46,"column":7}},"26":{"start":{"line":45,"column":8},"end":{"line":45,"column":103}},"27":{"start":{"line":47,"column":6},"end":{"line":49,"column":7}},"28":{"start":{"line":48,"column":8},"end":{"line":48,"column":65}},"29":{"start":{"line":51,"column":20},"end":{"line":51,"column":88}},"30":{"start":{"line":52,"column":6},"end":{"line":52,"column":91}},"31":{"start":{"line":54,"column":6},"end":{"line":54,"column":78}},"32":{"start":{"line":59,"column":4},"end":{"line":65,"column":5}},"33":{"start":{"line":60,"column":30},"end":{"line":60,"column":54}},"34":{"start":{"line":61,"column":21},"end":{"line":61,"column":74}},"35":{"start":{"line":62,"column":6},"end":{"line":62,"column":89}},"36":{"start":{"line":64,"column":6},"end":{"line":64,"column":78}},"37":{"start":{"line":69,"column":4},"end":{"line":75,"column":5}},"38":{"start":{"line":70,"column":17},"end":{"line":70,"column":40}},"39":{"start":{"line":71,"column":20},"end":{"line":71,"column":60}},"40":{"start":{"line":72,"column":6},"end":{"line":72,"column":87}},"41":{"start":{"line":74,"column":6},"end":{"line":74,"column":78}},"42":{"start":{"line":79,"column":4},"end":{"line":93,"column":5}},"43":{"start":{"line":80,"column":17},"end":{"line":80,"column":40}},"44":{"start":{"line":81,"column":25},"end":{"line":81,"column":59}},"45":{"start":{"line":82,"column":6},"end":{"line":88,"column":7}},"46":{"start":{"line":83,"column":28},"end":{"line":83,"column":66}},"47":{"start":{"line":84,"column":39},"end":{"line":86,"column":22}},"48":{"start":{"line":85,"column":34},"end":{"line":85,"column":65}},"49":{"start":{"line":87,"column":8},"end":{"line":87,"column":73}},"50":{"start":{"line":89,"column":20},"end":{"line":89,"column":76}},"51":{"start":{"line":90,"column":6},"end":{"line":90,"column":85}},"52":{"start":{"line":92,"column":6},"end":{"line":92,"column":78}},"53":{"start":{"line":97,"column":4},"end":{"line":103,"column":5}},"54":{"start":{"line":98,"column":17},"end":{"line":98,"column":40}},"55":{"start":{"line":99,"column":6},"end":{"line":99,"column":46}},"56":{"start":{"line":100,"column":6},"end":{"line":100,"column":80}},"57":{"start":{"line":102,"column":6},"end":{"line":102,"column":78}},"58":{"start":{"line":107,"column":4},"end":{"line":113,"column":5}},"59":{"start":{"line":108,"column":21},"end":{"line":108,"column":49}},"60":{"start":{"line":109,"column":21},"end":{"line":109,"column":64}},"61":{"start":{"line":110,"column":6},"end":{"line":110,"column":83}},"62":{"start":{"line":112,"column":6},"end":{"line":112,"column":78}},"63":{"start":{"line":117,"column":4},"end":{"line":123,"column":5}},"64":{"start":{"line":118,"column":20},"end":{"line":118,"column":61}},"65":{"start":{"line":119,"column":6},"end":{"line":119,"column":89}},"66":{"start":{"line":121,"column":6},"end":{"line":121,"column":55}},"67":{"start":{"line":122,"column":6},"end":{"line":122,"column":78}},"68":{"start":{"line":6,"column":0},"end":{"line":6,"column":13}}},"fnMap":{"0":{"name":"(anonymous_0)","decl":{"start":{"line":9,"column":2},"end":{"line":9,"column":null}},"loc":{"start":{"line":9,"column":2},"end":{"line":20,"column":3}}},"1":{"name":"(anonymous_1)","decl":{"start":{"line":22,"column":2},"end":{"line":22,"column":7}},"loc":{"start":{"line":22,"column":47},"end":{"line":37,"column":3}}},"2":{"name":"(anonymous_2)","decl":{"start":{"line":28,"column":15},"end":{"line":28,"column":16}},"loc":{"start":{"line":28,"column":34},"end":{"line":28,"column":65}}},"3":{"name":"(anonymous_3)","decl":{"start":{"line":39,"column":2},"end":{"line":39,"column":7}},"loc":{"start":{"line":39,"column":48},"end":{"line":56,"column":3}}},"4":{"name":"(anonymous_4)","decl":{"start":{"line":58,"column":2},"end":{"line":58,"column":7}},"loc":{"start":{"line":58,"column":48},"end":{"line":66,"column":3}}},"5":{"name":"(anonymous_5)","decl":{"start":{"line":68,"column":2},"end":{"line":68,"column":7}},"loc":{"start":{"line":68,"column":48},"end":{"line":76,"column":3}}},"6":{"name":"(anonymous_6)","decl":{"start":{"line":78,"column":2},"end":{"line":78,"column":7}},"loc":{"start":{"line":78,"column":47},"end":{"line":94,"column":3}}},"7":{"name":"(anonymous_7)","decl":{"start":{"line":85,"column":15},"end":{"line":85,"column":16}},"loc":{"start":{"line":85,"column":34},"end":{"line":85,"column":65}}},"8":{"name":"(anonymous_8)","decl":{"start":{"line":96,"column":2},"end":{"line":96,"column":7}},"loc":{"start":{"line":96,"column":47},"end":{"line":104,"column":3}}},"9":{"name":"(anonymous_9)","decl":{"start":{"line":106,"column":2},"end":{"line":106,"column":7}},"loc":{"start":{"line":106,"column":48},"end":{"line":114,"column":3}}},"10":{"name":"(anonymous_10)","decl":{"start":{"line":116,"column":2},"end":{"line":116,"column":7}},"loc":{"start":{"line":116,"column":51},"end":{"line":124,"column":3}}}},"branchMap":{"0":{"loc":{"start":{"line":25,"column":6},"end":{"line":31,"column":7}},"type":"if","locations":[{"start":{"line":25,"column":6},"end":{"line":31,"column":7}},{"start":{},"end":{}}]},"1":{"loc":{"start":{"line":35,"column":57},"end":{"line":35,"column":76}},"type":"binary-expr","locations":[{"start":{"line":35,"column":57},"end":{"line":35,"column":69}},{"start":{"line":35,"column":73},"end":{"line":35,"column":76}}]},"2":{"loc":{"start":{"line":42,"column":21},"end":{"line":42,"column":83}},"type":"binary-expr","locations":[{"start":{"line":42,"column":21},"end":{"line":42,"column":46}},{"start":{"line":42,"column":51},"end":{"line":42,"column":83}}]},"3":{"loc":{"start":{"line":44,"column":6},"end":{"line":46,"column":7}},"type":"if","locations":[{"start":{"line":44,"column":6},"end":{"line":46,"column":7}},{"start":{},"end":{}}]},"4":{"loc":{"start":{"line":44,"column":10},"end":{"line":44,"column":69}},"type":"binary-expr","locations":[{"start":{"line":44,"column":10},"end":{"line":44,"column":15}},{"start":{"line":44,"column":19},"end":{"line":44,"column":43}},{"start":{"line":44,"column":47},"end":{"line":44,"column":69}}]},"5":{"loc":{"start":{"line":47,"column":6},"end":{"line":49,"column":7}},"type":"if","locations":[{"start":{"line":47,"column":6},"end":{"line":49,"column":7}},{"start":{},"end":{}}]},"6":{"loc":{"start":{"line":54,"column":57},"end":{"line":54,"column":76}},"type":"binary-expr","locations":[{"start":{"line":54,"column":57},"end":{"line":54,"column":69}},{"start":{"line":54,"column":73},"end":{"line":54,"column":76}}]},"7":{"loc":{"start":{"line":64,"column":57},"end":{"line":64,"column":76}},"type":"binary-expr","locations":[{"start":{"line":64,"column":57},"end":{"line":64,"column":69}},{"start":{"line":64,"column":73},"end":{"line":64,"column":76}}]},"8":{"loc":{"start":{"line":74,"column":57},"end":{"line":74,"column":76}},"type":"binary-expr","locations":[{"start":{"line":74,"column":57},"end":{"line":74,"column":69}},{"start":{"line":74,"column":73},"end":{"line":74,"column":76}}]},"9":{"loc":{"start":{"line":82,"column":6},"end":{"line":88,"column":7}},"type":"if","locations":[{"start":{"line":82,"column":6},"end":{"line":88,"column":7}},{"start":{},"end":{}}]},"10":{"loc":{"start":{"line":92,"column":57},"end":{"line":92,"column":76}},"type":"binary-expr","locations":[{"start":{"line":92,"column":57},"end":{"line":92,"column":69}},{"start":{"line":92,"column":73},"end":{"line":92,"column":76}}]},"11":{"loc":{"start":{"line":102,"column":57},"end":{"line":102,"column":76}},"type":"binary-expr","locations":[{"start":{"line":102,"column":57},"end":{"line":102,"column":69}},{"start":{"line":102,"column":73},"end":{"line":102,"column":76}}]},"12":{"loc":{"start":{"line":108,"column":21},"end":{"line":108,"column":49}},"type":"binary-expr","locations":[{"start":{"line":108,"column":21},"end":{"line":108,"column":43}},{"start":{"line":108,"column":47},"end":{"line":108,"column":49}}]},"13":{"loc":{"start":{"line":112,"column":57},"end":{"line":112,"column":76}},"type":"binary-expr","locations":[{"start":{"line":112,"column":57},"end":{"line":112,"column":69}},{"start":{"line":112,"column":73},"end":{"line":112,"column":76}}]},"14":{"loc":{"start":{"line":122,"column":57},"end":{"line":122,"column":76}},"type":"binary-expr","locations":[{"start":{"line":122,"column":57},"end":{"line":122,"column":69}},{"start":{"line":122,"column":73},"end":{"line":122,"column":76}}]}},"s":{"0":5,"1":5,"2":5,"3":5,"4":5,"5":5,"6":5,"7":5,"8":5,"9":5,"10":5,"11":5,"12":5,"13":5,"14":5,"15":1,"16":1,"17":1,"18":1,"19":4,"20":2,"21":2,"22":5,"23":5,"24":5,"25":5,"26":2,"27":3,"28":1,"29":2,"30":2,"31":0,"32":4,"33":4,"34":4,"35":4,"36":0,"37":1,"38":1,"39":1,"40":1,"41":0,"42":3,"43":3,"44":3,"45":3,"46":0,"47":0,"48":0,"49":0,"50":3,"51":3,"52":0,"53":2,"54":2,"55":2,"56":2,"57":0,"58":4,"59":4,"60":4,"61":4,"62":0,"63":1,"64":1,"65":1,"66":0,"67":0,"68":5},"f":{"0":5,"1":5,"2":1,"3":5,"4":4,"5":1,"6":3,"7":0,"8":2,"9":4,"10":1},"b":{"0":[1,4],"1":[2,0],"2":[5,3],"3":[2,3],"4":[5,4,4],"5":[1,2],"6":[0,0],"7":[0,0],"8":[0,0],"9":[0,3],"10":[0,0],"11":[0,0],"12":[4,1],"13":[0,0],"14":[0,0]}}
,"C:\\Users\\Nitro 5\\Desktop\\SkillSwap_web\\backend\\src\\controllers\\stripe.controller.ts": {"path":"C:\\Users\\Nitro 5\\Desktop\\SkillSwap_web\\backend\\src\\controllers\\stripe.controller.ts","statementMap":{"0":{"start":{"line":2,"column":0},"end":{"line":2,"column":59}},"1":{"start":{"line":3,"column":0},"end":{"line":3,"column":60}},"2":{"start":{"line":9,"column":4},"end":{"line":9,"column":45}},"3":{"start":{"line":10,"column":4},"end":{"line":10,"column":71}},"4":{"start":{"line":11,"column":4},"end":{"line":11,"column":55}},"5":{"start":{"line":12,"column":4},"end":{"line":12,"column":55}},"6":{"start":{"line":16,"column":4},"end":{"line":31,"column":5}},"7":{"start":{"line":17,"column":6},"end":{"line":19,"column":7}},"8":{"start":{"line":18,"column":8},"end":{"line":18,"column":65}},"9":{"start":{"line":20,"column":28},"end":{"line":20,"column":36}},"10":{"start":{"line":21,"column":6},"end":{"line":23,"column":7}},"11":{"start":{"line":22,"column":8},"end":{"line":22,"column":75}},"12":{"start":{"line":24,"column":22},"end":{"line":24,"column":96}},"13":{"start":{"line":25,"column":6},"end":{"line":27,"column":7}},"14":{"start":{"line":26,"column":8},"end":{"line":26,"column":103}},"15":{"start":{"line":28,"column":6},"end":{"line":28,"column":72}},"16":{"start":{"line":30,"column":6},"end":{"line":30,"column":92}},"17":{"start":{"line":35,"column":4},"end":{"line":56,"column":5}},"18":{"start":{"line":36,"column":6},"end":{"line":38,"column":7}},"19":{"start":{"line":37,"column":8},"end":{"line":37,"column":65}},"20":{"start":{"line":40,"column":22},"end":{"line":42,"column":null}},"21":{"start":{"line":45,"column":6},"end":{"line":49,"column":8}},"22":{"start":{"line":51,"column":6},"end":{"line":55,"column":8}},"23":{"start":{"line":60,"column":22},"end":{"line":60,"column":63}},"24":{"start":{"line":62,"column":4},"end":{"line":64,"column":5}},"25":{"start":{"line":63,"column":6},"end":{"line":63,"column":84}},"26":{"start":{"line":66,"column":4},"end":{"line":73,"column":5}},"27":{"start":{"line":68,"column":6},"end":{"line":68,"column":66}},"28":{"start":{"line":69,"column":6},"end":{"line":69,"column":54}},"29":{"start":{"line":71,"column":6},"end":{"line":71,"column":60}},"30":{"start":{"line":72,"column":6},"end":{"line":72,"column":69}},"31":{"start":{"line":5,"column":0},"end":{"line":5,"column":13}}},"fnMap":{"0":{"name":"(anonymous_0)","decl":{"start":{"line":8,"column":2},"end":{"line":8,"column":null}},"loc":{"start":{"line":8,"column":2},"end":{"line":13,"column":3}}},"1":{"name":"(anonymous_1)","decl":{"start":{"line":15,"column":2},"end":{"line":15,"column":7}},"loc":{"start":{"line":15,"column":49},"end":{"line":32,"column":3}}},"2":{"name":"(anonymous_2)","decl":{"start":{"line":34,"column":2},"end":{"line":34,"column":7}},"loc":{"start":{"line":34,"column":57},"end":{"line":57,"column":3}}},"3":{"name":"(anonymous_3)","decl":{"start":{"line":59,"column":2},"end":{"line":59,"column":7}},"loc":{"start":{"line":59,"column":49},"end":{"line":74,"column":3}}}},"branchMap":{"0":{"loc":{"start":{"line":17,"column":6},"end":{"line":19,"column":7}},"type":"if","locations":[{"start":{"line":17,"column":6},"end":{"line":19,"column":7}},{"start":{},"end":{}}]},"1":{"loc":{"start":{"line":17,"column":10},"end":{"line":17,"column":36}},"type":"binary-expr","locations":[{"start":{"line":17,"column":10},"end":{"line":17,"column":19}},{"start":{"line":17,"column":23},"end":{"line":17,"column":36}}]},"2":{"loc":{"start":{"line":21,"column":6},"end":{"line":23,"column":7}},"type":"if","locations":[{"start":{"line":21,"column":6},"end":{"line":23,"column":7}},{"start":{},"end":{}}]},"3":{"loc":{"start":{"line":25,"column":6},"end":{"line":27,"column":7}},"type":"if","locations":[{"start":{"line":25,"column":6},"end":{"line":27,"column":7}},{"start":{},"end":{}}]},"4":{"loc":{"start":{"line":30,"column":42},"end":{"line":30,"column":85}},"type":"binary-expr","locations":[{"start":{"line":30,"column":42},"end":{"line":30,"column":55}},{"start":{"line":30,"column":59},"end":{"line":30,"column":85}}]},"5":{"loc":{"start":{"line":36,"column":6},"end":{"line":38,"column":7}},"type":"if","locations":[{"start":{"line":36,"column":6},"end":{"line":38,"column":7}},{"start":{},"end":{}}]},"6":{"loc":{"start":{"line":36,"column":10},"end":{"line":36,"column":36}},"type":"binary-expr","locations":[{"start":{"line":36,"column":10},"end":{"line":36,"column":19}},{"start":{"line":36,"column":23},"end":{"line":36,"column":36}}]},"7":{"loc":{"start":{"line":53,"column":8},"end":{"line":53,"column":60}},"type":"binary-expr","locations":[{"start":{"line":53,"column":8},"end":{"line":53,"column":21}},{"start":{"line":53,"column":25},"end":{"line":53,"column":60}}]},"8":{"loc":{"start":{"line":62,"column":4},"end":{"line":64,"column":5}},"type":"if","locations":[{"start":{"line":62,"column":4},"end":{"line":64,"column":5}},{"start":{},"end":{}}]}},"s":{"0":5,"1":5,"2":5,"3":5,"4":5,"5":5,"6":4,"7":4,"8":1,"9":3,"10":3,"11":1,"12":2,"13":2,"14":1,"15":1,"16":0,"17":3,"18":3,"19":1,"20":2,"21":1,"22":1,"23":3,"24":3,"25":1,"26":2,"27":2,"28":1,"29":1,"30":1,"31":5},"f":{"0":5,"1":4,"2":3,"3":3},"b":{"0":[1,3],"1":[4,3],"2":[1,2],"3":[1,1],"4":[0,0],"5":[1,2],"6":[3,2],"7":[1,0],"8":[1,2]}}
,"C:\\Users\\Nitro 5\\Desktop\\SkillSwap_web\\backend\\src\\controllers\\swap-request.controller.ts": {"path":"C:\\Users\\Nitro 5\\Desktop\\SkillSwap_web\\backend\\src\\controllers\\swap-request.controller.ts","statementMap":{"0":{"start":{"line":2,"column":0},"end":{"line":2,"column":70}},"1":{"start":{"line":3,"column":0},"end":{"line":3,"column":92}},"2":{"start":{"line":4,"column":0},"end":{"line":4,"column":60}},"3":{"start":{"line":10,"column":4},"end":{"line":10,"column":55}},"4":{"start":{"line":12,"column":4},"end":{"line":12,"column":51}},"5":{"start":{"line":13,"column":4},"end":{"line":13,"column":67}},"6":{"start":{"line":14,"column":4},"end":{"line":14,"column":59}},"7":{"start":{"line":15,"column":4},"end":{"line":15,"column":61}},"8":{"start":{"line":16,"column":4},"end":{"line":16,"column":57}},"9":{"start":{"line":20,"column":4},"end":{"line":43,"column":5}},"10":{"start":{"line":21,"column":22},"end":{"line":21,"column":68}},"11":{"start":{"line":22,"column":6},"end":{"line":24,"column":7}},"12":{"start":{"line":23,"column":8},"end":{"line":23,"column":65}},"13":{"start":{"line":26,"column":25},"end":{"line":26,"column":65}},"14":{"start":{"line":27,"column":6},"end":{"line":33,"column":7}},"15":{"start":{"line":28,"column":28},"end":{"line":28,"column":66}},"16":{"start":{"line":29,"column":39},"end":{"line":31,"column":22}},"17":{"start":{"line":30,"column":34},"end":{"line":30,"column":65}},"18":{"start":{"line":32,"column":8},"end":{"line":32,"column":73}},"19":{"start":{"line":35,"column":22},"end":{"line":35,"column":99}},"20":{"start":{"line":36,"column":6},"end":{"line":36,"column":96}},"21":{"start":{"line":38,"column":6},"end":{"line":42,"column":8}},"22":{"start":{"line":47,"column":4},"end":{"line":61,"column":5}},"23":{"start":{"line":48,"column":22},"end":{"line":48,"column":68}},"24":{"start":{"line":49,"column":6},"end":{"line":51,"column":7}},"25":{"start":{"line":50,"column":8},"end":{"line":50,"column":65}},"26":{"start":{"line":53,"column":23},"end":{"line":53,"column":91}},"27":{"start":{"line":54,"column":6},"end":{"line":54,"column":102}},"28":{"start":{"line":56,"column":6},"end":{"line":60,"column":8}},"29":{"start":{"line":65,"column":4},"end":{"line":79,"column":5}},"30":{"start":{"line":66,"column":22},"end":{"line":66,"column":68}},"31":{"start":{"line":67,"column":6},"end":{"line":69,"column":7}},"32":{"start":{"line":68,"column":8},"end":{"line":68,"column":65}},"33":{"start":{"line":71,"column":23},"end":{"line":71,"column":87}},"34":{"start":{"line":72,"column":6},"end":{"line":72,"column":98}},"35":{"start":{"line":74,"column":6},"end":{"line":78,"column":8}},"36":{"start":{"line":83,"column":4},"end":{"line":113,"column":5}},"37":{"start":{"line":84,"column":22},"end":{"line":84,"column":68}},"38":{"start":{"line":85,"column":6},"end":{"line":87,"column":7}},"39":{"start":{"line":86,"column":8},"end":{"line":86,"column":65}},"40":{"start":{"line":89,"column":21},"end":{"line":89,"column":31}},"41":{"start":{"line":91,"column":25},"end":{"line":91,"column":71}},"42":{"start":{"line":92,"column":6},"end":{"line":98,"column":7}},"43":{"start":{"line":93,"column":28},"end":{"line":93,"column":66}},"44":{"start":{"line":94,"column":39},"end":{"line":96,"column":22}},"45":{"start":{"line":95,"column":34},"end":{"line":95,"column":65}},"46":{"start":{"line":97,"column":8},"end":{"line":97,"column":73}},"47":{"start":{"line":100,"column":29},"end":{"line":103,"column":null}},"48":{"start":{"line":106,"column":6},"end":{"line":106,"column":112}},"49":{"start":{"line":108,"column":6},"end":{"line":112,"column":8}},"50":{"start":{"line":117,"column":4},"end":{"line":126,"column":5}},"51":{"start":{"line":118,"column":23},"end":{"line":118,"column":69}},"52":{"start":{"line":119,"column":6},"end":{"line":119,"column":102}},"53":{"start":{"line":121,"column":6},"end":{"line":125,"column":8}},"54":{"start":{"line":6,"column":0},"end":{"line":6,"column":13}}},"fnMap":{"0":{"name":"(anonymous_0)","decl":{"start":{"line":9,"column":2},"end":{"line":9,"column":null}},"loc":{"start":{"line":9,"column":2},"end":{"line":17,"column":3}}},"1":{"name":"(anonymous_1)","decl":{"start":{"line":19,"column":2},"end":{"line":19,"column":7}},"loc":{"start":{"line":19,"column":47},"end":{"line":44,"column":3}}},"2":{"name":"(anonymous_2)","decl":{"start":{"line":30,"column":15},"end":{"line":30,"column":16}},"loc":{"start":{"line":30,"column":34},"end":{"line":30,"column":65}}},"3":{"name":"(anonymous_3)","decl":{"start":{"line":46,"column":2},"end":{"line":46,"column":7}},"loc":{"start":{"line":46,"column":55},"end":{"line":62,"column":3}}},"4":{"name":"(anonymous_4)","decl":{"start":{"line":64,"column":2},"end":{"line":64,"column":7}},"loc":{"start":{"line":64,"column":51},"end":{"line":80,"column":3}}},"5":{"name":"(anonymous_5)","decl":{"start":{"line":82,"column":2},"end":{"line":82,"column":7}},"loc":{"start":{"line":82,"column":52},"end":{"line":114,"column":3}}},"6":{"name":"(anonymous_6)","decl":{"start":{"line":95,"column":15},"end":{"line":95,"column":16}},"loc":{"start":{"line":95,"column":34},"end":{"line":95,"column":65}}},"7":{"name":"(anonymous_7)","decl":{"start":{"line":116,"column":2},"end":{"line":116,"column":7}},"loc":{"start":{"line":116,"column":50},"end":{"line":127,"column":3}}}},"branchMap":{"0":{"loc":{"start":{"line":21,"column":22},"end":{"line":21,"column":68}},"type":"binary-expr","locations":[{"start":{"line":21,"column":22},"end":{"line":21,"column":43}},{"start":{"line":21,"column":48},"end":{"line":21,"column":68}}]},"1":{"loc":{"start":{"line":22,"column":6},"end":{"line":24,"column":7}},"type":"if","locations":[{"start":{"line":22,"column":6},"end":{"line":24,"column":7}},{"start":{},"end":{}}]},"2":{"loc":{"start":{"line":27,"column":6},"end":{"line":33,"column":7}},"type":"if","locations":[{"start":{"line":27,"column":6},"end":{"line":33,"column":7}},{"start":{},"end":{}}]},"3":{"loc":{"start":{"line":40,"column":8},"end":{"line":40,"column":48}},"type":"binary-expr","locations":[{"start":{"line":40,"column":8},"end":{"line":40,"column":21}},{"start":{"line":40,"column":25},"end":{"line":40,"column":48}}]},"4":{"loc":{"start":{"line":41,"column":8},"end":{"line":41,"column":27}},"type":"binary-expr","locations":[{"start":{"line":41,"column":8},"end":{"line":41,"column":20}},{"start":{"line":41,"column":24},"end":{"line":41,"column":27}}]},"5":{"loc":{"start":{"line":48,"column":22},"end":{"line":48,"column":68}},"type":"binary-expr","locations":[{"start":{"line":48,"column":22},"end":{"line":48,"column":43}},{"start":{"line":48,"column":48},"end":{"line":48,"column":68}}]},"6":{"loc":{"start":{"line":49,"column":6},"end":{"line":51,"column":7}},"type":"if","locations":[{"start":{"line":49,"column":6},"end":{"line":51,"column":7}},{"start":{},"end":{}}]},"7":{"loc":{"start":{"line":58,"column":8},"end":{"line":58,"column":48}},"type":"binary-expr","locations":[{"start":{"line":58,"column":8},"end":{"line":58,"column":21}},{"start":{"line":58,"column":25},"end":{"line":58,"column":48}}]},"8":{"loc":{"start":{"line":59,"column":8},"end":{"line":59,"column":27}},"type":"binary-expr","locations":[{"start":{"line":59,"column":8},"end":{"line":59,"column":20}},{"start":{"line":59,"column":24},"end":{"line":59,"column":27}}]},"9":{"loc":{"start":{"line":66,"column":22},"end":{"line":66,"column":68}},"type":"binary-expr","locations":[{"start":{"line":66,"column":22},"end":{"line":66,"column":43}},{"start":{"line":66,"column":48},"end":{"line":66,"column":68}}]},"10":{"loc":{"start":{"line":67,"column":6},"end":{"line":69,"column":7}},"type":"if","locations":[{"start":{"line":67,"column":6},"end":{"line":69,"column":7}},{"start":{},"end":{}}]},"11":{"loc":{"start":{"line":76,"column":8},"end":{"line":76,"column":48}},"type":"binary-expr","locations":[{"start":{"line":76,"column":8},"end":{"line":76,"column":21}},{"start":{"line":76,"column":25},"end":{"line":76,"column":48}}]},"12":{"loc":{"start":{"line":77,"column":8},"end":{"line":77,"column":27}},"type":"binary-expr","locations":[{"start":{"line":77,"column":8},"end":{"line":77,"column":20}},{"start":{"line":77,"column":24},"end":{"line":77,"column":27}}]},"13":{"loc":{"start":{"line":84,"column":22},"end":{"line":84,"column":68}},"type":"binary-expr","locations":[{"start":{"line":84,"column":22},"end":{"line":84,"column":43}},{"start":{"line":84,"column":48},"end":{"line":84,"column":68}}]},"14":{"loc":{"start":{"line":85,"column":6},"end":{"line":87,"column":7}},"type":"if","locations":[{"start":{"line":85,"column":6},"end":{"line":87,"column":7}},{"start":{},"end":{}}]},"15":{"loc":{"start":{"line":92,"column":6},"end":{"line":98,"column":7}},"type":"if","locations":[{"start":{"line":92,"column":6},"end":{"line":98,"column":7}},{"start":{},"end":{}}]},"16":{"loc":{"start":{"line":110,"column":8},"end":{"line":110,"column":48}},"type":"binary-expr","locations":[{"start":{"line":110,"column":8},"end":{"line":110,"column":21}},{"start":{"line":110,"column":25},"end":{"line":110,"column":48}}]},"17":{"loc":{"start":{"line":111,"column":8},"end":{"line":111,"column":27}},"type":"binary-expr","locations":[{"start":{"line":111,"column":8},"end":{"line":111,"column":20}},{"start":{"line":111,"column":24},"end":{"line":111,"column":27}}]},"18":{"loc":{"start":{"line":123,"column":8},"end":{"line":123,"column":48}},"type":"binary-expr","locations":[{"start":{"line":123,"column":8},"end":{"line":123,"column":21}},{"start":{"line":123,"column":25},"end":{"line":123,"column":48}}]},"19":{"loc":{"start":{"line":124,"column":8},"end":{"line":124,"column":27}},"type":"binary-expr","locations":[{"start":{"line":124,"column":8},"end":{"line":124,"column":20}},{"start":{"line":124,"column":24},"end":{"line":124,"column":27}}]}},"s":{"0":5,"1":5,"2":5,"3":5,"4":5,"5":5,"6":5,"7":5,"8":5,"9":6,"10":6,"11":6,"12":1,"13":5,"14":5,"15":1,"16":1,"17":3,"18":1,"19":4,"20":2,"21":2,"22":4,"23":4,"24":4,"25":1,"26":3,"27":2,"28":1,"29":4,"30":4,"31":4,"32":1,"33":3,"34":2,"35":1,"36":6,"37":6,"38":6,"39":1,"40":5,"41":5,"42":5,"43":1,"44":1,"45":1,"46":1,"47":4,"48":2,"49":2,"50":2,"51":2,"52":1,"53":1,"54":5},"f":{"0":5,"1":6,"2":3,"3":4,"4":4,"5":6,"6":1,"7":2},"b":{"0":[6,4],"1":[1,5],"2":[1,4],"3":[2,0],"4":[2,1],"5":[4,3],"6":[1,3],"7":[1,0],"8":[1,1],"9":[4,3],"10":[1,3],"11":[1,0],"12":[1,1],"13":[6,4],"14":[1,5],"15":[1,4],"16":[2,0],"17":[2,1],"18":[1,0],"19":[1,1]}}
,"C:\\Users\\Nitro 5\\Desktop\\SkillSwap_web\\backend\\src\\controllers\\user.controller.ts": {"path":"C:\\Users\\Nitro 5\\Desktop\\SkillSwap_web\\backend\\src\\controllers\\user.controller.ts","statementMap":{"0":{"start":{"line":2,"column":0},"end":{"line":2,"column":55}},"1":{"start":{"line":3,"column":0},"end":{"line":3,"column":130}},"2":{"start":{"line":4,"column":0},"end":{"line":4,"column":60}},"3":{"start":{"line":5,"column":0},"end":{"line":5,"column":56}},"4":{"start":{"line":6,"column":0},"end":{"line":6,"column":51}},"5":{"start":{"line":7,"column":0},"end":{"line":7,"column":64}},"6":{"start":{"line":8,"column":0},"end":{"line":8,"column":55}},"7":{"start":{"line":23,"column":4},"end":{"line":23,"column":41}},"8":{"start":{"line":25,"column":4},"end":{"line":25,"column":49}},"9":{"start":{"line":26,"column":4},"end":{"line":26,"column":47}},"10":{"start":{"line":27,"column":4},"end":{"line":27,"column":51}},"11":{"start":{"line":28,"column":4},"end":{"line":28,"column":49}},"12":{"start":{"line":29,"column":4},"end":{"line":29,"column":57}},"13":{"start":{"line":30,"column":4},"end":{"line":30,"column":55}},"14":{"start":{"line":31,"column":4},"end":{"line":31,"column":57}},"15":{"start":{"line":32,"column":4},"end":{"line":32,"column":49}},"16":{"start":{"line":33,"column":4},"end":{"line":33,"column":51}},"17":{"start":{"line":34,"column":4},"end":{"line":34,"column":61}},"18":{"start":{"line":35,"column":4},"end":{"line":35,"column":51}},"19":{"start":{"line":36,"column":4},"end":{"line":36,"column":59}},"20":{"start":{"line":37,"column":4},"end":{"line":37,"column":59}},"21":{"start":{"line":38,"column":4},"end":{"line":38,"column":59}},"22":{"start":{"line":39,"column":4},"end":{"line":39,"column":55}},"23":{"start":{"line":40,"column":4},"end":{"line":40,"column":65}},"24":{"start":{"line":44,"column":4},"end":{"line":77,"column":5}},"25":{"start":{"line":45,"column":23},"end":{"line":45,"column":56}},"26":{"start":{"line":47,"column":6},"end":{"line":54,"column":7}},"27":{"start":{"line":48,"column":28},"end":{"line":48,"column":64}},"28":{"start":{"line":49,"column":39},"end":{"line":51,"column":22}},"29":{"start":{"line":50,"column":34},"end":{"line":50,"column":65}},"30":{"start":{"line":53,"column":8},"end":{"line":53,"column":73}},"31":{"start":{"line":56,"column":30},"end":{"line":56,"column":78}},"32":{"start":{"line":58,"column":6},"end":{"line":63,"column":9}},"33":{"start":{"line":65,"column":6},"end":{"line":70,"column":8}},"34":{"start":{"line":72,"column":6},"end":{"line":76,"column":8}},"35":{"start":{"line":81,"column":4},"end":{"line":109,"column":5}},"36":{"start":{"line":82,"column":25},"end":{"line":82,"column":57}},"37":{"start":{"line":84,"column":6},"end":{"line":91,"column":7}},"38":{"start":{"line":85,"column":28},"end":{"line":85,"column":66}},"39":{"start":{"line":86,"column":39},"end":{"line":88,"column":22}},"40":{"start":{"line":87,"column":34},"end":{"line":87,"column":65}},"41":{"start":{"line":90,"column":8},"end":{"line":90,"column":73}},"42":{"start":{"line":93,"column":30},"end":{"line":93,"column":79}},"43":{"start":{"line":95,"column":6},"end":{"line":100,"column":9}},"44":{"start":{"line":102,"column":6},"end":{"line":102,"column":81}},"45":{"start":{"line":104,"column":6},"end":{"line":108,"column":8}},"46":{"start":{"line":113,"column":4},"end":{"line":127,"column":5}},"47":{"start":{"line":114,"column":6},"end":{"line":118,"column":9}},"48":{"start":{"line":120,"column":6},"end":{"line":120,"column":77}},"49":{"start":{"line":122,"column"
[...]
"name":"(anonymous_14)","decl":{"start":{"line":209,"column":2},"end":{"line":209,"column":7}},"loc":{"start":{"line":209,"column":56},"end":{"line":223,"column":3}}},"5":{"name":"(anonymous_15)","decl":{"start":{"line":225,"column":2},"end":{"line":225,"column":7}},"loc":{"start":{"line":225,"column":56},"end":{"line":278,"column":3}}},"6":{"name":"(anonymous_16)","decl":{"start":{"line":280,"column":2},"end":{"line":280,"column":7}},"loc":{"start":{"line":280,"column":35},"end":{"line":287,"column":3}}},"7":{"name":"(anonymous_17)","decl":{"start":{"line":282,"column":21},"end":{"line":282,"column":22}},"loc":{"start":{"line":282,"column":30},"end":{"line":286,"column":5}}},"8":{"name":"(anonymous_18)","decl":{"start":{"line":289,"column":2},"end":{"line":289,"column":7}},"loc":{"start":{"line":289,"column":30},"end":{"line":297,"column":3}}},"9":{"name":"(anonymous_19)","decl":{"start":{"line":299,"column":2},"end":{"line":299,"column":7}},"loc":{"start":{"line":299,"column":29},"end":{"line":306,"column":3}}},"10":{"name":"(anonymous_20)","decl":{"start":{"line":308,"column":2},"end":{"line":308,"column":7}},"loc":{"start":{"line":308,"column":61},"end":{"line":348,"column":3}}},"11":{"name":"(anonymous_21)","decl":{"start":{"line":350,"column":2},"end":{"line":350,"column":7}},"loc":{"start":{"line":350,"column":46},"end":{"line":466,"column":3}}},"12":{"name":"(anonymous_22)","decl":{"start":{"line":367,"column":16},"end":{"line":367,"column":17}},"loc":{"start":{"line":367,"column":22},"end":{"line":375,"column":9}}},"13":{"name":"(anonymous_23)","decl":{"start":{"line":368,"column":60},"end":{"line":368,"column":61}},"loc":{"start":{"line":369,"column":12},"end":{"line":369,"column":54}}},"14":{"name":"(anonymous_24)","decl":{"start":{"line":371,"column":70},"end":{"line":371,"column":71}},"loc":{"start":{"line":372,"column":12},"end":{"line":372,"column":44}}},"15":{"name":"(anonymous_25)","decl":{"start":{"line":378,"column":31},"end":{"line":378,"column":32}},"loc":{"start":{"line":378,"column":37},"end":{"line":382,"column":7}}},"16":{"name":"(anonymous_26)","decl":{"start":{"line":385,"column":30},"end":{"line":385,"column":43}},"loc":{"start":{"line":385,"column":30},"end":{"line":385,"column":54}}},"17":{"name":"(anonymous_27)","decl":{"start":{"line":398,"column":10},"end":{"line":398,"column":11}},"loc":{"start":{"line":398,"column":17},"end":{"line":403,"column":null}}},"18":{"name":"(anonymous_28)","decl":{"start":{"line":434,"column":27},"end":{"line":434,"column":28}},"loc":{"start":{"line":434,"column":35},"end":{"line":434,"column":65}}},"19":{"name":"(anonymous_29)","decl":{"start":{"line":439,"column":16},"end":{"line":439,"column":17}},"loc":{"start":{"line":439,"column":23},"end":{"line":439,"column":33}}},"20":{"name":"(anonymous_30)","decl":{"start":{"line":440,"column":13},"end":{"line":440,"column":14}},"loc":{"start":{"line":440,"column":19},"end":{"line":444,"column":9}}},"21":{"name":"(anonymous_31)","decl":{"start":{"line":449,"column":16},"end":{"line":449,"column":17}},"loc":{"start":{"line":449,"column":22},"end":{"line":457,"column":9}}},"22":{"name":"(anonymous_32)","decl":{"start":{"line":450,"column":60},"end":{"line":450,"column":61}},"loc":{"start":{"line":451,"column":12},"end":{"line":451,"column":54}}},"23":{"name":"(anonymous_33)","decl":{"start":{"line":453,"column":70},"end":{"line":453,"column":71}},"loc":{"start":{"line":454,"column":12},"end":{"line":454,"column":44}}},"24":{"name":"(anonymous_34)","decl":{"start":{"line":460,"column":31},"end":{"line":460,"column":32}},"loc":{"start":{"line":460,"column":37},"end":{"line":464,"column":7}}}},"branchMap":{"0":{"loc":{"start":{"line":29,"column":4},"end":{"line":31,"column":5}},"type":"if","locations":[{"start":{"line":29,"column":4},"end":{"line":31,"column":5}},{"start":{},"end":{}}]},"1":{"loc":{"start":{"line":36,"column":4},"end":{"line":38,"column":5}},"type":"if","locations":[{"start":{"line":36,"column":4},"end":{"line":38,"column":5}},{"start":{},"end":{}}]},"2":{"loc":{"start":{"line":62,"column":4},"end":{"line":67,"column":5}},"type":"if","locations":[{"start":{"line":62,"column":4},"end":{"line":67,"column":5}},{"start":{},"end":{}}]},"3":{"loc":{"start":{"line":69,"column":4},"end":{"line":74,"column":5}},"type":"if","locations":[{"start":{"line":69,"column":4},"end":{"line":74,"column":5}},{"start":{},"end":{}}]},"4":{"loc":{"start":{"line":80,"column":4},"end":{"line":85,"column":5}},"type":"if","locations":[{"start":{"line":80,"column":4},"end":{"line":85,"column":5}},{"start":{},"end":{}}]},"5":{"loc":{"start":{"line":112,"column":38},"end":{"line":112,"column":72}},"type":"binary-expr","locations":[{"start":{"line":112,"column":38},"end":{"line":112,"column":49}},{"start":{"line":112,"column":53},"end":{"line":112,"column":72}}]},"6":{"loc":{"start":{"line":117,"column":4},"end":{"line":119,"column":5}},"type":"if","locations":[{"start":{"line":117,"column":4},"end":{"line":119,"column":5}},{"start":{},"end":{}}]},"7":{"loc":{"start":{"line":117,"column":8},"end":{"line":117,"column":34}},"type":"binary-expr","locations":[{"start":{"line":117,"column":8},"end":{"line":117,"column":16}},{"start":{"line":117,"column":20},"end":{"line":117,"column":34}}]},"8":{"loc":{"start":{"line":125,"column":4},"end":{"line":131,"column":5}},"type":"if","locations":[{"start":{"line":125,"column":4},"end":{"line":131,"column":5}},{"start":{},"end":{}}]},"9":{"loc":{"start":{"line":127,"column":6},"end":{"line":130,"column":7}},"type":"if","locations":[{"start":{"line":127,"column":6},"end":{"line":130,"column":7}},{"start":{},"end":{}}]},"10":{"loc":{"start":{"line":133,"column":4},"end":{"line":150,"column":5}},"type":"if","locations":[{"start":{"line":133,"column":4},"end":{"line":150,"column":5}},{"start":{},"end":{}}]},"11":{"loc":{"start":{"line":137,"column":6},"end":{"line":139,"column":7}},"type":"if","locations":[{"start":{"line":137,"column":6},"end":{"line":139,"column":7}},{"start":{},"end":{}}]},"12":{"loc":{"start":{"line":142,"column":19},"end":{"line":142,"column":39}},"type":"binary-expr","locations":[{"start":{"line":142,"column":19},"end":{"line":142,"column":29}},{"start":{"line":142,"column":33},"end":{"line":142,"column":39}}]},"13":{"loc":{"start":{"line":143,"column":18},"end":{"line":143,"column":39}},"type":"binary-expr","locations":[{"start":{"line":143,"column":18},"end":{"line":143,"column":29}},{"start":{"line":143,"column":33},"end":{"line":143,"column":39}}]},"14":{"loc":{"start":{"line":147,"column":18},"end":{"line":147,"column":38}},"type":"binary-expr","locations":[{"start":{"line":147,"column":18},"end":{"line":147,"column":25}},{"start":{"line":147,"column":29},"end":{"line":147,"column":38}}]},"15":{"loc":{"start":{"line":166,"column":4},"end":{"line":168,"column":5}},"type":"if","locations":[{"start":{"line":166,"column":4},"end":{"line":168,"column":5}},{"start":{},"end":{}}]},"16":{"loc":{"start":{"line":213,"column":4},"end":{"line":215,"column":5}},"type":"if","locations":[{"start":{"line":213,"column":4},"end":{"line":215,"column":5}},{"start":{},"end":{}}]},"17":{"loc":{"start":{"line":227,"column":4},"end":{"line":229,"column":5}},"type":"if","locations":[{"start":{"line":227,"column":4},"end":{"line":229,"column":5}},{"start":{},"end":{}}]},"18":{"loc":{"start":{"line":230,"column":4},"end":{"line":237,"column":5}},"type":"if","locations":[{"start":{"line":230,"column":4},"end":{"line":237,"column":5}},{"start":{},"end":{}}]},"19":{"loc":{"start":{"line":230,"column":8},"end":{"line":230,"column":59}},"type":"binary-expr","locations":[{"start":{"line":230,"column":8},"end":{"line":230,"column":24}},{"start":{"line":230,"column":28},"end":{"line":230,"column":59}}]},"20":{"loc":{"start":{"line":234,"column":6},"end":{"line":236,"column":7}},"type":"if","locations":[{"start":{"line":234,"column":6},"end":{"line":236,"column":7}},{"start":{},"end":{}}]},"21":{"loc":{"start":{"line":238,"column":4},"end":{"line":245,"column":5}},"type":"if","locations":[{"start":{"line":238,"column":4},"end":{"line":245,"column":5}},{"start":{},"end":{}}]},"22":{"loc":{"start":{"line":238,"column":8},"end":{"line":238,"column":68}},"type":"binary-expr","locations":[{"start":{"line":238,"column":8},"end":{"line":238,"column":27}},{"start":{"line":238,"column":31},"end":{"line":238,"column":68}}]},"23":{"loc":{"start":{"line":242,"column":6},"end":{"line":244,"column":7}},"type":"if","locations":[{"start":{"line":242,"column":6},"end":{"line":244,"column":7}},{"start":{},"end":{}}]},"24":{"loc":{"start":{"line":246,"column":4},"end":{"line":267,"column":5}},"type":"if","locations":[{"start":{"line":246,"column":4},"end":{"line":267,"column":5}},{"start":{"line":265,"column":11},"end":{"line":267,"column":5}}]},"25":{"loc":{"start":{"line":247,"column":6},"end":{"line":252,"column":7}},"type":"if","locations":[{"start":{"line":247,"column":6},"end":{"line":252,"column":7}},{"start":{},"end":{}}]},"26":{"loc":{"start":{"line":253,"column":6},"end":{"line":255,"column":7}},"type":"if","locations":[{"start":{"line":253,"column":6},"end":{"line":255,"column":7}},{"start":{},"end":{}}]},"27":{"loc":{"start":{"line":260,"column":6},"end":{"line":262,"column":7}},"type":"if","locations":[{"start":{"line":260,"column":6},"end":{"line":262,"column":7}},{"start":{},"end":{}}]},"28":{"loc":{"start":{"line":265,"column":11},"end":{"line":267,"column":5}},"type":"if","locations":[{"start":{"line":265,"column":11},"end":{"line":267,"column":5}},{"start":{},"end":{}}]},"29":{"loc":{"start":{"line":272,"column":4},"end":{"line":276,"column":5}},"type":"if","locations":[{"start":{"line":272,"column":4},"end":{"line":276,"column":5}},{"start":{},"end":{}}]},"30":{"loc":{"start":{"line":280,"column":20},"end":{"line":280,"column":35}},"type":"default-arg","locations":[{"start":{"line":280,"column":33},"end":{"line":280,"column":35}}]},"31":{"loc":{"start":{"line":291,"column":4},"end":{"line":293,"column":5}},"type":"if","locations":[{"start":{"line":291,"column":4},"end":{"line":293,"column":5}},{"start":{},"end":{}}]},"32":{"loc":{"start":{"line":301,"column":4},"end":{"line":303,"column":5}},"type":"if","locations":[{"start":{"line":301,"column":4},"end":{"line":303,"column":5}},{"start":{},"end":{}}]},"33":{"loc":{"start":{"line":310,"column":4},"end":{"line":312,"column":5}},"type":"if","locations":[{"start":{"line":310,"column":4},"end":{"line":312,"column":5}},{"start":{},"end":{}}]},"34":{"loc":{"start":{"line":313,"column":4},"end":{"line":320,"column":5}},"type":"if","locations":[{"start":{"line":313,"column":4},"end":{"line":320,"column":5}},{"start":{},"end":{}}]},"35":{"loc":{"start":{"line":313,"column":8},"end":{"line":313,"column":59}},"type":"binary-expr","locations":[{"start":{"line":313,"column":8},"end":{"line":313,"column":24}},{"start":{"line":313,"column":28},"end":{"line":313,"column":59}}]},"36":{"loc":{"start":{"line":317,"column":6},"end":{"line":319,"column":7}},"type":"if","locations":[{"start":{"line":317,"column":6},"end":{"line":319,"column":7}},{"start":{},"end":{}}]},"37":{"loc":{"start":{"line":321,"column":4},"end":{"line":328,"column":5}},"type":"if","locations":[{"start":{"line":321,"column":4},"end":{"line":328,"column":5}},{"start":{},"end":{}}]},"38":{"loc":{"start":{"line":321,"column":8},"end":{"line":321,"column":68}},"type":"binary-expr","locations":[{"start":{"line":321,"column":8},"end":{"line":321,"column":27}},{"start":{"line":321,"column":31},"end":{"line":321,"column":68}}]},"39":{"loc":{"start":{"line":325,"column":6},"end":{"line":327,"column":7}},"type":"if","locations":[{"start":{"line":325,"column":6},"end":{"line":327,"column":7}},{"start":{},"end":{}}]},"40":{"loc":{"start":{"line":330,"column":4},"end":{"line":336,"column":5}},"type":"if","locations":[{"start":{"line":330,"column":4},"end":{"line":336,"column":5}},{"start":{"line":333,"column":11},"end":{"line":336,"column":5}}]},"41":{"loc":{"start":{"line":333,"column":11},"end":{"line":336,"column":5}},"type":"if","locations":[{"start":{"line":333,"column":11},"end":{"line":336,"column":5}},{"start":{},"end":{}}]},"42":{"loc":{"start":{"line":342,"column":4},"end":{"line":346,"column":5}},"type":"if","locations":[{"start":{"line":342,"column":4},"end":{"line":346,"column":5}},{"start":{},"end":{}}]},"43":{"loc":{"start":{"line":352,"column":4},"end":{"line":354,"column":5}},"type":"if","locations":[{"start":{"line":352,"column":4},"end":{"line":354,"column":5}},{"start":{},"end":{}}]},"44":{"loc":{"start":{"line":362,"column":4},"end":{"line":362,"column":46}},"type":"if","locations":[{"start":{"line":362,"column":4},"end":{"line":362,"column":46}},{"start":{},"end":{}}]},"45":{"loc":{"start":{"line":364,"column":4},"end":{"line":383,"column":5}},"type":"if","locations":[{"start":{"line":364,"column":4},"end":{"line":383,"column":5}},{"start":{},"end":{}}]},"46":{"loc":{"start":{"line":374,"column":17},"end":{"line":374,"column":61}},"type":"binary-expr","locations":[{"start":{"line":374,"column":17},"end":{"line":374,"column":37}},{"start":{"line":374,"column":41},"end":{"line":374,"column":61}}]},"47":{"loc":{"start":{"line":391,"column":26},"end":{"line":391,"column":69}},"type":"binary-expr","locations":[{"start":{"line":391,"column":26},"end":{"line":391,"column":63}},{"start":{"line":391,"column":67},"end":{"line":391,"column":69}}]},"48":{"loc":{"start":{"line":392,"column":25},"end":{"line":392,"column":67}},"type":"binary-expr","locations":[{"start":{"line":392,"column":25},"end":{"line":392,"column":61}},{"start":{"line":392,"column":65},"end":{"line":392,"column":67}}]},"49":{"loc":{"start":{"line":393,"column":15},"end":{"line":393,"column":36}},"type":"binary-expr","locations":[{"start":{"line":393,"column":15},"end":{"line":393,"column":30}},{"start":{"line":393,"column":34},"end":{"line":393,"column":36}}]},"50":{"loc":{"start":{"line":400,"column":24},"end":{"line":400,"column":57}},"type":"binary-expr","locations":[{"start":{"line":400,"column":24},"end":{"line":400,"column":51}},{"start":{"line":400,"column":55},"end":{"line":400,"column":57}}]},"51":{"loc":{"start":{"line":401,"column":23},"end":{"line":401,"column":55}},"type":"binary-expr","locations":[{"start":{"line":401,"column":23},"end":{"line":401,"column":49}},{"start":{"line":401,"column":53},"end":{"line":401,"column":55}}]},"52":{"loc":{"start":{"line":402,"column":13},"end":{"line":402,"column":24}},"type":"binary-expr","locations":[{"start":{"line":402,"column":13},"end":{"line":402,"column":18}},{"start":{"line":402,"column":22},"end":{"line":402,"column":24}}]},"53":{"loc":{"start":{"line":418,"column":6},"end":{"line":418,"column":27}},"type":"if","locations":[{"start":{"line":418,"column":6},"end":{"line":418,"column":27}},{"start":{},"end":{}}]},"54":{"loc":{"start":{"line":456,"column":17},"end":{"line":456,"column":61}},"type":"binary-expr","locations":[{"start":{"line":456,"column":17},"end":{"line":456,"column":37}},{"start":{"line":456,"column":41},"end":{"line":456,"column":61}}]}},"s":{"0":5,"1":5,"2":5,"3":5,"4":5,"5":5,"6":5,"7":5,"8":5,"9":5,"10":10,"11":10,"12":2,"13":8,"14":8,"15":2,"16":6,"17":6,"18":6,"19":6,"20":6,"21":6,"22":6,"23":6,"24":8,"25":8,"26":2,"27":6,"28":1,"29":5,"30":5,"31":2,"32":3,"33":3,"34":3,"35":3,"36":5,"37":5,"38":1,"39":1,"40":4,"41":4,"42":1,"43":3,"44":3,"45":3,"46":2,"47":2,"48":1,"49":1,"50":3,"51":1,"52":1,"53":1,"54":1,"55":1,"56":1,"57":3,"58":3,"59":3,"60":3,"61":3,"62":3,"63":2,"64":1,"65":1,"66":1,"67":1,"68":1,"69":1,"70":3,"71":3,"72":3,"73":2,"74":1,"75":1,"76":14,"77":14,"78":1,"79":13,"80":2,"81":2,"82":2,"83":11,"84":1,"85":1,"86":1,"87":10,"88":5,"89":1,"90":4,"91":1,"92":3,"93":3,"94":2,"95":1,"96":1,"97":5,"98":1,"99":6,"100":6,"101":6,"102":6,"103":5,"104":5,"105":5,"106":1,"107":3,"108":3,"109":5,"110":5,"111":5,"112":3,"113":3,"114":1,"115":2,"116":2,"117":2,"118":3,"119":3,"120":1,"121":2,"122":2,"123":4,"124":4,"125":1,"126":3,"127":1,"128":1,"129":1,"130":2,"131":1,"132":1,"133":1,"134":1,"135":1,"136":1,"137":0,"138":0,"139":0,"140":1,"141":1,"142":1,"143":1,"144":1,"145":1,"146":1,"147":0,"148":4,"149":4,"150":1,"151":3,"152":3,"153":3,"154":1,"155":2,"156":2,"157":2,"158":4,"159":2,"160":4,"161":4,"162":4,"163":2,"164":2,"165":2,"166":2,"167":0,"168":0,"169":0,"170":0,"171":0,"172":0,"173":0,"174":0,"175":0,"176":0,"177":0,"178":0,"179":0,"180":0,"181":0,"182":0,"183":0,"184":0,"185":0,"186":0,"187":0,"188":0,"189":0,"190":0,"191":0,"192":0,"193":0,"194":0,"195":0,"196":0,"197":0,"198":0,"199":0,"200":5},"f":{"0":10,"1":8,"2":5,"3":3,"4":3,"5":14,"6":3,"7":5,"8":3,"9":3,"10":4,"11":4,"12":4,"13":2,"14":4,"15":2,"16":0,"17":0,"18":0,"19":0,"20":0,"21":0,"22":0,"23":0,"24":0},"b":{"0":[2,8],"1":[2,6],"2":[2,6],"3":[1,5],"4":[2,3],"5":[1,0],"6":[1,3],"7":[4,3],"8":[2,1],"9":[1,1],"10":[1,2],"11":[1,0],"12":[1,1],"13":[1,1],"14":[1,0],"15":[2,1],"16":[2,1],"17":[1,13],"18":[2,11],"19":[13,2],"20":[2,0],"21":[1,10],"22":[11,1],"23":[1,0],"24":[5,5],"25":[1,4],"26":[1,3],"27":[2,1],"28":[1,4],"29":[5,1],"30":[2],"31":[1,2],"32":[1,2],"33":[1,3],"34":[1,2],"35":[3,1],"36":[1,0],"37":[1,1],"38":[2,1],"39":[1,0],"40":[1,0],"41":[0,0],"42":[1,0],"43":[1,3],"44":[1,2],"45":[2,0],"46":[4,3],"47":[0,0],"48":[0,0],"49":[0,0],"50":[0,0],"51":[0,0],"52":[0,0],"53":[0,0],"54":[0,0]}}
,"C:\\Users\\Nitro 5\\Desktop\\SkillSwap_web\\backend\\src\\types\\skill.type.ts": {"path":"C:\\Users\\Nitro 5\\Desktop\\SkillSwap_web\\backend\\src\\types\\skill.type.ts","statementMap":{"0":{"start":{"line":1,"column":0},"end":{"line":1,"column":24}},"1":{"start":{"line":3,"column":13},"end":{"line":15,"column":3}}},"fnMap":{},"branchMap":{},"s":{"0":5,"1":5},"f":{},"b":{}}
,"C:\\Users\\Nitro 5\\Desktop\\SkillSwap_web\\backend\\src\\types\\user.type.ts": {"path":"C:\\Users\\Nitro 5\\Desktop\\SkillSwap_web\\backend\\src\\types\\user.type.ts","statementMap":{"0":{"start":{"line":1,"column":0},"end":{"line":1,"column":24}},"1":{"start":{"line":3,"column":13},"end":{"line":52,"column":3}}},"fnMap":{},"branchMap":{},"s":{"0":5,"1":5},"f":{},"b":{}}
,"C:\\Users\\Nitro 5\\Desktop\\SkillSwap_web\\backend\\src\\utils\\apihelper.util.ts": {"path":"C:\\Users\\Nitro 5\\Desktop\\SkillSwap_web\\backend\\src\\utils\\apihelper.util.ts","statementMap":{"0":{"start":{"line":17,"column":47},"end":{"line":22,"column":6}},"1":{"start":{"line":23,"column":4},"end":{"line":23,"column":53}},"2":{"start":{"line":31,"column":50},"end":{"line":36,"column":6}},"3":{"start":{"line":37,"column":4},"end":{"line":37,"column":53}},"4":{"start":{"line":10,"column":0},"end":{"line":10,"column":13}}},"fnMap":{"0":{"name":"(anonymous_0)","decl":{"start":{"line":11,"column":2},"end":{"line":11,"column":8}},"loc":{"start":{"line":15,"column":28},"end":{"line":24,"column":3}}},"1":{"name":"(anonymous_1)","decl":{"start":{"line":26,"column":2},"end":{"line":26,"column":8}},"loc":{"start":{"line":29,"column":28},"end":{"line":38,"column":3}}}},"branchMap":{"0":{"loc":{"start":{"line":13,"column":4},"end":{"line":13,"column":25}},"type":"default-arg","locations":[{"start":{"line":13,"column":21},"end":{"line":13,"column":25}}]},"1":{"loc":{"start":{"line":14,"column":4},"end":{"line":14,"column":44}},"type":"default-arg","locations":[{"start":{"line":14,"column":22},"end":{"line":14,"column":44}}]},"2":{"loc":{"start":{"line":15,"column":4},"end":{"line":15,"column":28}},"type":"default-arg","locations":[{"start":{"line":15,"column":25},"end":{"line":15,"column":28}}]},"3":{"loc":{"start":{"line":28,"column":4},"end":{"line":28,"column":55}},"type":"default-arg","locations":[{"start":{"line":28,"column":22},"end":{"line":28,"column":55}}]},"4":{"loc":{"start":{"line":29,"column":4},"end":{"line":29,"column":28}},"type":"default-arg","locations":[{"start":{"line":29,"column":25},"end":{"line":29,"column":28}}]}},"s":{"0":92,"1":92,"2":94,"3":94,"4":11},"f":{"0":92,"1":94},"b":{"0":[1],"1":[2],"2":[73],"3":[1],"4":[1]}}
}
