TN:
SF:src\app.ts
FN:21,(anonymous_1)
FN:58,(anonymous_2)
FN:62,(anonymous_3)
FNF:3
FNH:1
FNDA:67,(anonymous_1)
FNDA:0,(anonymous_2)
FNDA:0,(anonymous_3)
DA:1,4
DA:2,4
DA:3,4
DA:4,4
DA:5,4
DA:6,4
DA:7,4
DA:8,4
DA:9,4
DA:10,4
DA:11,4
DA:12,4
DA:13,4
DA:15,4
DA:17,4
DA:20,4
DA:22,67
DA:24,67
DA:25,67
DA:27,0
DA:34,4
DA:35,4
DA:38,4
DA:41,4
DA:42,4
DA:43,4
DA:44,4
DA:45,4
DA:48,4
DA:49,4
DA:50,4
DA:51,4
DA:52,4
DA:53,4
DA:54,4
DA:55,4
DA:56,4
DA:58,4
DA:59,0
DA:62,4
DA:63,0
DA:65,0
DA:66,0
DA:69,0
DA:76,4
LF:45
LH:39
BRDA:24,0,0,67
BRDA:24,0,1,0
BRDA:24,1,0,67
BRDA:24,1,1,0
BRDA:65,2,0,0
BRDA:65,2,1,0
BRF:6
BRH:2
end_of_record
TN:
SF:src\socket.ts
FN:11,(anonymous_1)
FN:13,(anonymous_2)
FN:23,(anonymous_3)
FN:29,(anonymous_4)
FN:53,(anonymous_5)
FN:71,(anonymous_6)
FN:74,(anonymous_7)
FN:115,(anonymous_8)
FNF:8
FNH:8
FNDA:3,(anonymous_1)
FNDA:3,(anonymous_2)
FNDA:3,(anonymous_3)
FNDA:2,(anonymous_4)
FNDA:2,(anonymous_5)
FNDA:2,(anonymous_6)
FNDA:3,(anonymous_7)
FNDA:2,(anonymous_8)
DA:2,5
DA:3,5
DA:4,5
DA:5,5
DA:6,5
DA:8,5
DA:9,5
DA:11,5
DA:13,5
DA:14,3
DA:23,3
DA:24,3
DA:25,3
DA:28,3
DA:29,1
DA:30,2
DA:31,2
DA:32,2
DA:34,1
DA:37,3
DA:38,1
DA:39,1
DA:42,2
DA:43,2
DA:44,1
DA:45,1
DA:46,1
DA:48,1
DA:49,1
DA:53,3
DA:54,2
DA:55,2
DA:58,2
DA:61,2
DA:62,2
DA:64,2
DA:66,2
DA:67,2
DA:71,2
DA:72,2
DA:74,2
DA:75,3
DA:76,3
DA:77,3
DA:80,3
DA:87,2
DA:88,1
DA:89,1
DA:93,1
DA:100,1
DA:103,1
DA:106,1
DA:108,1
DA:110,1
DA:111,1
DA:115,2
DA:116,2
DA:118,2
DA:119,2
DA:120,2
DA:121,2
DA:122,2
DA:128,3
LF:63
LH:63
BRDA:28,0,0,1
BRDA:28,0,1,2
BRDA:28,1,0,3
BRDA:28,1,1,2
BRDA:31,2,0,2
BRDA:31,2,1,0
BRDA:31,3,0,2
BRDA:31,3,1,2
BRDA:37,4,0,1
BRDA:37,4,1,2
BRDA:61,5,0,2
BRDA:61,5,1,0
BRDA:66,6,0,2
BRDA:66,6,1,0
BRDA:87,7,0,1
BRDA:87,7,1,1
BRDA:88,8,0,1
BRDA:88,8,1,0
BRDA:108,9,0,1
BRDA:108,9,1,0
BRDA:111,10,0,1
BRDA:111,10,1,0
BRDA:118,11,0,2
BRDA:118,11,1,0
BRDA:120,12,0,2
BRDA:120,12,1,0
BRF:26
BRH:18
end_of_record
TN:
SF:src\configs\constant.ts
FNF:0
FNH:0
DA:1,6
DA:2,6
DA:4,6
DA:5,6
DA:6,6
DA:7,6
DA:9,6
DA:10,6
DA:12,6
DA:13,6
DA:14,6
DA:15,6
DA:16,6
DA:17,6
DA:18,6
DA:19,6
LF:16
LH:16
BRDA:4,0,0,6
BRDA:4,0,1,0
BRDA:5,1,0,6
BRDA:5,1,1,0
BRDA:6,2,0,6
BRDA:6,2,1,0
BRDA:7,3,0,6
BRDA:7,3,1,0
BRDA:9,4,0,6
BRDA:9,4,1,0
BRDA:10,5,0,6
BRDA:10,5,1,0
BRDA:12,6,0,6
BRDA:12,6,1,0
BRDA:13,7,0,6
BRDA:13,7,1,0
BRDA:14,8,0,6
BRDA:14,8,1,0
BRDA:15,9,0,6
BRDA:15,9,1,0
BRDA:16,10,0,6
BRDA:16,10,1,0
BRDA:17,11,0,6
BRDA:17,11,1,0
BRDA:18,12,0,6
BRDA:18,12,1,0
BRDA:19,13,0,6
BRDA:19,13,1,0
BRF:28
BRH:14
end_of_record
TN:
SF:src\controllers\message.controller.ts
FN:7,(anonymous_0)
FN:29,(anonymous_1)
FN:49,(anonymous_2)
FNF:3
FNH:3
FNDA:3,(anonymous_0)
FNDA:2,(anonymous_1)
FNDA:3,(anonymous_2)
DA:2,5
DA:3,5
DA:7,5
DA:8,3
DA:9,3
DA:10,3
DA:12,3
DA:13,1
DA:16,2
DA:23,2
DA:25,0
DA:29,5
DA:30,2
DA:31,2
DA:32,2
DA:34,2
DA:35,1
DA:38,1
DA:43,1
DA:45,0
DA:49,5
DA:50,3
DA:51,3
DA:53,3
DA:54,1
DA:57,2
DA:59,2
DA:61,0
LF:28
LH:25
BRDA:10,0,0,3
BRDA:10,0,1,0
BRDA:12,1,0,1
BRDA:12,1,1,2
BRDA:12,2,0,3
BRDA:12,2,1,3
BRDA:32,3,0,2
BRDA:32,3,1,0
BRDA:34,4,0,1
BRDA:34,4,1,1
BRDA:34,5,0,2
BRDA:34,5,1,2
BRDA:51,6,0,3
BRDA:51,6,1,1
BRDA:53,7,0,1
BRDA:53,7,1,2
BRF:16
BRH:14
end_of_record
TN:
SF:src\controllers\notification.controller.ts
FN:6,(anonymous_0)
FN:20,(anonymous_1)
FN:40,(anonymous_2)
FNF:3
FNH:3
FNDA:4,(anonymous_0)
FNDA:4,(anonymous_1)
FNDA:2,(anonymous_2)
DA:2,5
DA:3,5
DA:5,5
DA:7,4
DA:8,4
DA:9,4
DA:10,1
DA:13,3
DA:14,2
DA:16,1
DA:21,4
DA:22,4
DA:23,4
DA:25,4
DA:26,1
DA:29,3
DA:30,3
DA:31,1
DA:34,2
DA:36,0
DA:41,2
DA:42,2
DA:43,2
DA:44,1
DA:47,1
DA:48,1
DA:50,0
LF:27
LH:25
BRDA:8,0,0,4
BRDA:8,0,1,2
BRDA:9,1,0,1
BRDA:9,1,1,3
BRDA:22,2,0,4
BRDA:22,2,1,1
BRDA:25,3,0,1
BRDA:25,3,1,3
BRDA:30,4,0,1
BRDA:30,4,1,2
BRDA:42,5,0,2
BRDA:42,5,1,1
BRDA:43,6,0,1
BRDA:43,6,1,1
BRF:14
BRH:14
end_of_record
TN:
SF:src\controllers\review.controller.ts
FN:7,(anonymous_0)
FN:37,(anonymous_1)
FN:45,(anonymous_2)
FN:54,(anonymous_3)
FNF:4
FNH:4
FNDA:5,(anonymous_0)
FNDA:1,(anonymous_1)
FNDA:2,(anonymous_2)
FNDA:2,(anonymous_3)
DA:2,5
DA:4,5
DA:5,5
DA:7,5
DA:8,5
DA:9,5
DA:10,5
DA:12,5
DA:13,1
DA:16,4
DA:17,4
DA:18,3
DA:20,2
DA:21,2
DA:23,2
DA:24,0
DA:27,2
DA:29,2
DA:30,2
DA:32,0
DA:33,0
DA:37,5
DA:38,1
DA:39,1
DA:40,1
DA:44,1
DA:45,2
DA:48,1
DA:50,0
DA:54,5
DA:55,2
DA:56,2
DA:57,2
DA:58,2
DA:59,2
DA:61,0
LF:36
LH:31
BRDA:9,0,0,5
BRDA:9,0,1,0
BRDA:12,1,0,1
BRDA:12,1,1,4
BRDA:12,2,0,5
BRDA:12,2,1,4
BRDA:17,3,0,1
BRDA:17,3,1,3
BRDA:18,4,0,1
BRDA:18,4,1,2
BRDA:23,5,0,0
BRDA:23,5,1,2
BRDA:23,6,0,2
BRDA:23,6,1,0
BRDA:27,7,0,2
BRDA:27,7,1,0
BRDA:32,8,0,0
BRDA:32,8,1,0
BRDA:44,9,0,1
BRDA:44,9,1,0
BRDA:56,10,0,2
BRDA:56,10,1,0
BRF:22
BRH:14
end_of_record
TN:
SF:src\controllers\session.controller.ts
FN:8,(anonymous_0)
FN:33,(anonymous_1)
FN:78,(anonymous_2)
FN:96,(anonymous_3)
FN:123,(anonymous_4)
FN:136,(anonymous_5)
FNF:6
FNH:6
FNDA:5,(anonymous_0)
FNDA:6,(anonymous_1)
FNDA:4,(anonymous_2)
FNDA:4,(anonymous_3)
FNDA:2,(anonymous_4)
FNDA:4,(anonymous_5)
DA:2,5
DA:4,5
DA:5,5
DA:8,5
DA:9,5
DA:10,5
DA:11,5
DA:13,5
DA:14,2
DA:17,3
DA:25,3
DA:27,2
DA:29,1
DA:33,5
DA:34,6
DA:35,6
DA:36,6
DA:37,6
DA:39,6
DA:41,5
DA:42,1
DA:45,4
DA:46,4
DA:48,3
DA:49,3
DA:51,3
DA:52,1
DA:55,2
DA:56,2
DA:57,1
DA:60,2
DA:63,2
DA:64,2
DA:72,2
DA:74,0
DA:78,5
DA:79,4
DA:80,4
DA:82,4
DA:83,1
DA:86,3
DA:90,2
DA:92,1
DA:96,5
DA:97,4
DA:98,4
DA:99,4
DA:100,4
DA:102,4
DA:104,3
DA:105,3
DA:107,2
DA:108,2
DA:110,2
DA:111,0
DA:114,2
DA:115,2
DA:117,2
DA:119,0
DA:123,5
DA:124,2
DA:125,2
DA:130,1
DA:132,1
DA:136,5
DA:137,4
DA:138,4
DA:139,4
DA:141,4
DA:143,3
DA:144,3
DA:146,3
DA:147,3
DA:149,3
DA:150,1
DA:153,2
DA:155,2
DA:165,2
DA:167,1
DA:169,1
LF:80
LH:77
BRDA:11,0,0,5
BRDA:11,0,1,0
BRDA:13,1,0,2
BRDA:13,1,1,3
BRDA:13,2,0,5
BRDA:13,2,1,5
BRDA:13,2,2,3
BRDA:37,3,0,6
BRDA:37,3,1,1
BRDA:39,4,0,1
BRDA:39,4,1,5
BRDA:39,5,0,6
BRDA:39,5,1,6
BRDA:41,6,0,1
BRDA:41,6,1,4
BRDA:46,7,0,1
BRDA:46,7,1,3
BRDA:51,8,0,1
BRDA:51,8,1,2
BRDA:51,9,0,3
BRDA:51,9,1,1
BRDA:56,10,0,1
BRDA:56,10,1,1
BRDA:63,11,0,2
BRDA:63,11,1,0
BRDA:80,12,0,4
BRDA:80,12,1,1
BRDA:82,13,0,1
BRDA:82,13,1,3
BRDA:100,14,0,4
BRDA:100,14,1,1
BRDA:102,15,0,1
BRDA:102,15,1,3
BRDA:102,16,0,4
BRDA:102,16,1,4
BRDA:105,17,0,1
BRDA:105,17,1,2
BRDA:110,18,0,0
BRDA:110,18,1,2
BRDA:110,19,0,2
BRDA:110,19,1,0
BRDA:139,20,0,4
BRDA:139,20,1,1
BRDA:141,21,0,1
BRDA:141,21,1,3
BRDA:141,22,0,4
BRDA:141,22,1,4
BRDA:144,23,0,0
BRDA:144,23,1,3
BRDA:149,24,0,1
BRDA:149,24,1,2
BRDA:149,25,0,3
BRDA:149,25,1,1
BRDA:161,26,0,2
BRDA:161,26,1,1
BRDA:162,27,0,2
BRDA:162,27,1,1
BRF:57
BRH:52
end_of_record
TN:
SF:src\controllers\skill.controller.ts
FN:9,(anonymous_0)
FN:22,(anonymous_1)
FN:28,(anonymous_2)
FN:39,(anonymous_3)
FN:58,(anonymous_4)
FN:68,(anonymous_5)
FN:78,(anonymous_6)
FN:85,(anonymous_7)
FN:96,(anonymous_8)
FN:106,(anonymous_9)
FN:116,(anonymous_10)
FNF:11
FNH:10
FNDA:5,(anonymous_0)
FNDA:5,(anonymous_1)
FNDA:1,(anonymous_2)
FNDA:5,(anonymous_3)
FNDA:4,(anonymous_4)
FNDA:1,(anonymous_5)
FNDA:3,(anonymous_6)
FNDA:0,(anonymous_7)
FNDA:2,(anonymous_8)
FNDA:4,(anonymous_9)
FNDA:1,(anonymous_10)
DA:2,5
DA:3,5
DA:4,5
DA:6,5
DA:10,5
DA:12,5
DA:13,5
DA:14,5
DA:15,5
DA:16,5
DA:17,5
DA:18,5
DA:19,5
DA:23,5
DA:24,5
DA:25,5
DA:26,1
DA:27,1
DA:28,1
DA:30,1
DA:32,4
DA:33,2
DA:35,2
DA:40,5
DA:41,5
DA:42,5
DA:44,5
DA:45,2
DA:47,3
DA:48,1
DA:51,2
DA:52,2
DA:54,0
DA:59,4
DA:60,4
DA:61,4
DA:62,4
DA:64,0
DA:69,1
DA:70,1
DA:71,1
DA:72,1
DA:74,0
DA:79,3
DA:80,3
DA:81,3
DA:82,3
DA:83,0
DA:84,0
DA:85,0
DA:87,0
DA:89,3
DA:90,3
DA:92,0
DA:97,2
DA:98,2
DA:99,2
DA:100,2
DA:102,0
DA:107,4
DA:108,4
DA:109,4
DA:110,4
DA:112,0
DA:117,1
DA:118,1
DA:119,1
DA:121,0
DA:122,0
LF:69
LH:57
BRDA:25,0,0,1
BRDA:25,0,1,4
BRDA:35,1,0,2
BRDA:35,1,1,0
BRDA:42,2,0,5
BRDA:42,2,1,3
BRDA:44,3,0,2
BRDA:44,3,1,3
BRDA:44,4,0,5
BRDA:44,4,1,4
BRDA:44,4,2,4
BRDA:47,5,0,1
BRDA:47,5,1,2
BRDA:54,6,0,0
BRDA:54,6,1,0
BRDA:64,7,0,0
BRDA:64,7,1,0
BRDA:74,8,0,0
BRDA:74,8,1,0
BRDA:82,9,0,0
BRDA:82,9,1,3
BRDA:92,10,0,0
BRDA:92,10,1,0
BRDA:102,11,0,0
BRDA:102,11,1,0
BRDA:108,12,0,4
BRDA:108,12,1,1
BRDA:112,13,0,0
BRDA:112,13,1,0
BRDA:122,14,0,0
BRDA:122,14,1,0
BRF:31
BRH:15
end_of_record
TN:
SF:src\controllers\stripe.controller.ts
FN:8,(anonymous_0)
FN:15,(anonymous_1)
FN:34,(anonymous_2)
FN:59,(anonymous_3)
FNF:4
FNH:4
FNDA:5,(anonymous_0)
FNDA:4,(anonymous_1)
FNDA:3,(anonymous_2)
FNDA:3,(anonymous_3)
DA:2,5
DA:3,5
DA:5,5
DA:9,5
DA:10,5
DA:11,5
DA:12,5
DA:16,4
DA:17,4
DA:18,1
DA:20,3
DA:21,3
DA:22,1
DA:24,2
DA:25,2
DA:26,1
DA:28,1
DA:30,0
DA:35,3
DA:36,3
DA:37,1
DA:40,2
DA:45,1
DA:51,1
DA:60,3
DA:62,3
DA:63,1
DA:66,2
DA:68,2
DA:69,1
DA:71,1
DA:72,1
LF:32
LH:31
BRDA:17,0,0,1
BRDA:17,0,1,3
BRDA:17,1,0,4
BRDA:17,1,1,3
BRDA:21,2,0,1
BRDA:21,2,1,2
BRDA:25,3,0,1
BRDA:25,3,1,1
BRDA:30,4,0,0
BRDA:30,4,1,0
BRDA:36,5,0,1
BRDA:36,5,1,2
BRDA:36,6,0,3
BRDA:36,6,1,2
BRDA:53,7,0,1
BRDA:53,7,1,0
BRDA:62,8,0,1
BRDA:62,8,1,2
BRF:18
BRH:15
end_of_record
TN:
SF:src\controllers\swap-request.controller.ts
FN:9,(anonymous_0)
FN:19,(anonymous_1)
FN:30,(anonymous_2)
FN:46,(anonymous_3)
FN:64,(anonymous_4)
FN:82,(anonymous_5)
FN:95,(anonymous_6)
FN:116,(anonymous_7)
FNF:8
FNH:8
FNDA:5,(anonymous_0)
FNDA:6,(anonymous_1)
FNDA:3,(anonymous_2)
FNDA:4,(anonymous_3)
FNDA:4,(anonymous_4)
FNDA:6,(anonymous_5)
FNDA:1,(anonymous_6)
FNDA:2,(anonymous_7)
DA:2,5
DA:3,5
DA:4,5
DA:6,5
DA:10,5
DA:12,5
DA:13,5
DA:14,5
DA:15,5
DA:16,5
DA:20,6
DA:21,6
DA:22,6
DA:23,1
DA:26,5
DA:27,5
DA:28,1
DA:29,1
DA:30,3
DA:32,1
DA:35,4
DA:36,2
DA:38,2
DA:47,4
DA:48,4
DA:49,4
DA:50,1
DA:53,3
DA:54,2
DA:56,1
DA:65,4
DA:66,4
DA:67,4
DA:68,1
DA:71,3
DA:72,2
DA:74,1
DA:83,6
DA:84,6
DA:85,6
DA:86,1
DA:89,5
DA:91,5
DA:92,5
DA:93,1
DA:94,1
DA:95,1
DA:97,1
DA:100,4
DA:106,2
DA:108,2
DA:117,2
DA:118,2
DA:119,1
DA:121,1
LF:55
LH:55
BRDA:21,0,0,6
BRDA:21,0,1,4
BRDA:22,1,0,1
BRDA:22,1,1,5
BRDA:27,2,0,1
BRDA:27,2,1,4
BRDA:40,3,0,2
BRDA:40,3,1,0
BRDA:41,4,0,2
BRDA:41,4,1,1
BRDA:48,5,0,4
BRDA:48,5,1,3
BRDA:49,6,0,1
BRDA:49,6,1,3
BRDA:58,7,0,1
BRDA:58,7,1,0
BRDA:59,8,0,1
BRDA:59,8,1,1
BRDA:66,9,0,4
BRDA:66,9,1,3
BRDA:67,10,0,1
BRDA:67,10,1,3
BRDA:76,11,0,1
BRDA:76,11,1,0
BRDA:77,12,0,1
BRDA:77,12,1,1
BRDA:84,13,0,6
BRDA:84,13,1,4
BRDA:85,14,0,1
BRDA:85,14,1,5
BRDA:92,15,0,1
BRDA:92,15,1,4
BRDA:110,16,0,2
BRDA:110,16,1,0
BRDA:111,17,0,2
BRDA:111,17,1,1
BRDA:123,18,0,1
BRDA:123,18,1,0
BRDA:124,19,0,1
BRDA:124,19,1,1
BRF:40
BRH:35
end_of_record
TN:
SF:src\controllers\user.controller.ts
FN:22,(anonymous_0)
FN:43,(anonymous_1)
FN:50,(anonymous_2)
FN:80,(anonymous_3)
FN:87,(anonymous_4)
FN:112,(anonymous_5)
FN:130,(anonymous_6)
FN:158,(anonymous_7)
FN:182,(anonymous_8)
FN:202,(anonymous_9)
FN:217,(anonymous_10)
FN:244,(anonymous_11)
FN:269,(anonymous_12)
FN:282,(anonymous_13)
FN:295,(anonymous_14)
FN:309,(anonymous_15)
FN:315,(anonymous_16)
FN:331,(anonymous_17)
FN:338,(anonymous_18)
FN:359,(anonymous_19)
FN:373,(anonymous_20)
FN:411,(anonymous_21)
FNF:22
FNH:20
FNDA:5,(anonymous_0)
FNDA:14,(anonymous_1)
FNDA:10,(anonymous_2)
FNDA:9,(anonymous_3)
FNDA:4,(anonymous_4)
FNDA:2,(anonymous_5)
FNDA:3,(anonymous_6)
FNDA:5,(anonymous_7)
FNDA:6,(anonymous_8)
FNDA:3,(anonymous_9)
FNDA:7,(anonymous_10)
FNDA:2,(anonymous_11)
FNDA:3,(anonymous_12)
FNDA:3,(anonymous_13)
FNDA:3,(anonymous_14)
FNDA:1,(anonymous_15)
FNDA:0,(anonymous_16)
FNDA:2,(anonymous_17)
FNDA:0,(anonymous_18)
FNDA:3,(anonymous_19)
FNDA:2,(anonymous_20)
FNDA:4,(anonymous_21)
DA:2,5
DA:3,5
DA:4,5
DA:5,5
DA:6,5
DA:7,5
DA:8,5
DA:19,5
DA:23,5
DA:25,5
DA:26,5
DA:27,5
DA:28,5
DA:29,5
DA:30,5
DA:31,5
DA:32,5
DA:33,5
DA:34,5
DA:35,5
DA:36,5
DA:37,5
DA:38,5
DA:39,5
DA:40,5
DA:44,14
DA:45,14
DA:47,14
DA:48,5
DA:49,5
DA:50,10
DA:53,5
DA:56,9
DA:58,6
DA:65,6
DA:72,3
DA:81,9
DA:82,9
DA:84,9
DA:85,3
DA:86,3
DA:87,4
DA:90,3
DA:93,6
DA:95,3
DA:102,3
DA:104,3
DA:113,2
DA:114,2
DA:120,2
DA:122,0
DA:131,3
DA:132,3
DA:134,3
DA:135,1
DA:138,2
DA:140,1
DA:147,1
DA:149,1
DA:150,1
DA:159,5
DA:160,5
DA:162,5
DA:163,2
DA:166,3
DA:168,2
DA:174,1
DA:183,6
DA:184,6
DA:186,6
DA:187,3
DA:190,3
DA:192,1
DA:194,2
DA:203,3
DA:204,3
DA:205,1
DA:207,2
DA:209,0
DA:218,7
DA:219,7
DA:220,7
DA:221,7
DA:222,1
DA:225,6
DA:226,3
DA:227,3
DA:232,6
DA:233,1
DA:234,1
DA:240,6
DA:241,6
DA:242,1
DA:243,1
DA:244,2
DA:247,1
DA:250,5
DA:251,1
DA:254,5
DA:255,4
DA:261,1
DA:270,3
DA:271,3
DA:272,2
DA:274,1
DA:283,3
DA:284,3
DA:285,2
DA:287,1
DA:296,3
DA:297,3
DA:298,3
DA:299,2
DA:301,1
DA:310,1
DA:311,1
DA:312,1
DA:313,0
DA:314,0
DA:315,0
DA:317,0
DA:320,1
DA:321,1
DA:323,0
DA:332,2
DA:333,2
DA:334,2
DA:335,2
DA:336,0
DA:337,0
DA:338,0
DA:340,0
DA:343,2
DA:344,2
DA:345,1
DA:348,2
DA:349,1
DA:351,1
DA:360,3
DA:361,3
DA:362,3
DA:363,2
DA:365,1
DA:374,2
DA:375,2
DA:384,2
DA:388,2
DA:392,2
DA:403,0
DA:412,4
DA:413,4
DA:414,1
DA:417,3
DA:418,3
DA:419,1
DA:426,2
DA:428,1
DA:434,1
LF:158
LH:146
BRDA:47,0,0,5
BRDA:47,0,1,9
BRDA:74,1,0,3
BRDA:74,1,1,0
BRDA:75,2,0,3
BRDA:75,2,1,1
BRDA:84,3,0,3
BRDA:84,3,1,6
BRDA:106,4,0,3
BRDA:106,4,1,0
BRDA:107,5,0,3
BRDA:107,5,1,1
BRDA:134,6,0,1
BRDA:134,6,1,2
BRDA:152,7,0,1
BRDA:152,7,1,0
BRDA:153,8,0,1
BRDA:153,8,1,1
BRDA:162,9,0,2
BRDA:162,9,1,3
BRDA:186,10,0,3
BRDA:186,10,1,3
BRDA:196,11,0,2
BRDA:196,11,1,0
BRDA:197,12,0,2
BRDA:197,12,1,1
BRDA:204,13,0,1
BRDA:204,13,1,2
BRDA:211,14,0,0
BRDA:211,14,1,0
BRDA:212,15,0,0
BRDA:212,15,1,0
BRDA:219,16,0,7
BRDA:219,16,1,2
BRDA:221,17,0,1
BRDA:221,17,1,6
BRDA:225,18,0,3
BRDA:225,18,1,3
BRDA:225,19,0,6
BRDA:225,19,1,3
BRDA:232,20,0,1
BRDA:232,20,1,5
BRDA:232,21,0,6
BRDA:232,21,1,1
BRDA:241,22,0,1
BRDA:241,22,1,5
BRDA:250,23,0,1
BRDA:250,23,1,4
BRDA:263,24,0,1
BRDA:263,24,1,0
BRDA:264,25,0,1
BRDA:264,25,1,0
BRDA:276,26,0,1
BRDA:276,26,1,0
BRDA:277,27,0,1
BRDA:277,27,1,1
BRDA:289,28,0,1
BRDA:289,28,1,0
BRDA:290,29,0,1
BRDA:290,29,1,1
BRDA:303,30,0,1
BRDA:303,30,1,0
BRDA:304,31,0,1
BRDA:304,31,1,1
BRDA:312,32,0,0
BRDA:312,32,1,1
BRDA:325,33,0,0
BRDA:325,33,1,0
BRDA:326,34,0,0
BRDA:326,34,1,0
BRDA:335,35,0,0
BRDA:335,35,1,2
BRDA:344,36,0,1
BRDA:344,36,1,1
BRDA:353,37,0,1
BRDA:353,37,1,0
BRDA:354,38,0,1
BRDA:354,38,1,1
BRDA:367,39,0,1
BRDA:367,39,1,0
BRDA:368,40,0,1
BRDA:368,40,1,1
BRDA:405,41,0,0
BRDA:405,41,1,0
BRDA:406,42,0,0
BRDA:406,42,1,0
BRDA:413,43,0,1
BRDA:413,43,1,3
BRDA:413,44,0,4
BRDA:413,44,1,3
BRDA:418,45,0,1
BRDA:418,45,1,2
BRDA:418,46,0,3
BRDA:418,46,1,3
BRDA:436,47,0,1
BRDA:436,47,1,0
BRDA:437,48,0,1
BRDA:437,48,1,1
BRF:98
BRH:72
end_of_record
TN:
SF:src\dtos\skill.dto.ts
FNF:0
FNH:0
DA:2,5
DA:4,5
DA:7,5
LF:3
LH:3
BRF:0
BRH:0
end_of_record
TN:
SF:src\dtos\swap-request.dto.ts
FNF:0
FNH:0
DA:1,5
DA:3,5
DA:12,5
LF:3
LH:3
BRF:0
BRH:0
end_of_record
TN:
SF:src\dtos\user.dto.ts
FNF:0
FNH:0
DA:1,5
DA:2,5
DA:4,5
DA:14,5
DA:20,5
DA:25,5
DA:30,5
DA:36,5
LF:8
LH:8
BRF:0
BRH:0
end_of_record
TN:
SF:src\exceptions\http-exception.ts
FN:5,(anonymous_0)
FNF:1
FNH:1
FNDA:54,(anonymous_0)
DA:1,8
DA:6,54
DA:7,54
DA:8,54
DA:9,54
LF:5
LH:5
BRF:0
BRH:0
end_of_record
TN:
SF:src\middlewares\authorized.middleware.ts
FN:11,(anonymous_1)
FN:64,(anonymous_2)
FNF:2
FNH:2
FNDA:40,(anonymous_1)
FNDA:11,(anonymous_2)
DA:2,4
DA:3,4
DA:5,4
DA:6,4
DA:7,4
DA:9,4
DA:11,4
DA:16,40
DA:19,40
DA:20,36
DA:21,4
DA:22,0
DA:25,40
DA:26,4
DA:31,36
DA:32,36
DA:34,1
DA:40,35
DA:41,0
DA:44,35
DA:45,35
DA:46,0
DA:52,35
DA:54,35
DA:56,5
DA:64,4
DA:69,11
DA:70,11
DA:71,0
DA:77,11
DA:78,3
DA:84,8
DA:86,3
LF:33
LH:29
BRDA:19,0,0,36
BRDA:19,0,1,4
BRDA:21,1,0,0
BRDA:21,1,1,4
BRDA:21,2,0,4
BRDA:21,2,1,4
BRDA:25,3,0,4
BRDA:25,3,1,36
BRDA:40,4,0,0
BRDA:40,4,1,35
BRDA:40,5,0,35
BRDA:40,5,1,35
BRDA:45,6,0,0
BRDA:45,6,1,35
BRDA:58,7,0,5
BRDA:58,7,1,0
BRDA:59,8,0,5
BRDA:59,8,1,0
BRDA:70,9,0,0
BRDA:70,9,1,11
BRDA:77,10,0,3
BRDA:77,10,1,8
BRDA:88,11,0,3
BRDA:88,11,1,0
BRDA:89,12,0,3
BRDA:89,12,1,0
BRF:26
BRH:18
end_of_record
TN:
SF:src\middlewares\upload.middleware.ts
FN:9,(anonymous_1)
FN:16,(anonymous_2)
FN:22,(anonymous_3)
FN:43,(anonymous_4)
FN:44,(anonymous_5)
FN:46,(anonymous_6)
FN:50,(anonymous_7)
FN:76,(anonymous_8)
FNF:8
FNH:5
FNDA:0,(anonymous_1)
FNDA:0,(anonymous_2)
FNDA:2,(anonymous_3)
FNDA:9,(anonymous_4)
FNDA:1,(anonymous_5)
FNDA:0,(anonymous_6)
FNDA:2,(anonymous_7)
FNDA:5,(anonymous_8)
DA:1,5
DA:2,5
DA:4,5
DA:5,5
DA:6,5
DA:8,5
DA:10,0
DA:11,0
DA:12,0
DA:14,0
DA:17,0
DA:18,0
DA:22,5
DA:27,2
DA:28,1
DA:30,1
DA:34,5
DA:42,5
DA:43,9
DA:45,1
DA:47,0
DA:50,5
DA:55,2
DA:62,2
DA:63,1
DA:65,1
DA:69,5
DA:75,5
DA:76,5
LF:29
LH:22
BRDA:11,0,0,0
BRDA:11,0,1,0
BRDA:27,1,0,1
BRDA:27,1,1,1
BRDA:27,2,0,2
BRDA:27,2,1,2
BRDA:27,2,2,1
BRDA:62,3,0,1
BRDA:62,3,1,1
BRF:9
BRH:7
end_of_record
TN:
SF:src\models\message.model.ts
FNF:0
FNH:0
DA:1,4
DA:12,4
DA:26,4
LF:3
LH:3
BRF:0
BRH:0
end_of_record
TN:
SF:src\models\notification.model.ts
FNF:0
FNH:0
DA:1,4
DA:10,4
DA:28,4
LF:3
LH:3
BRF:0
BRH:0
end_of_record
TN:
SF:src\models\review.model.ts
FNF:0
FNH:0
DA:1,4
DA:13,4
DA:24,4
DA:26,4
LF:4
LH:4
BRF:0
BRH:0
end_of_record
TN:
SF:src\models\session.model.ts
FNF:0
FNH:0
DA:1,4
DA:13,4
DA:33,4
LF:3
LH:3
BRF:0
BRH:0
end_of_record
TN:
SF:src\models\skill.model.ts
FNF:0
FNH:0
DA:1,4
DA:12,4
DA:25,4
LF:3
LH:3
BRF:0
BRH:0
end_of_record
TN:
SF:src\models\swap-request.model.ts
FNF:0
FNH:0
DA:1,4
DA:12,4
DA:30,4
LF:3
LH:3
BRF:0
BRH:0
end_of_record
TN:
SF:src\models\user.model.ts
FNF:0
FNH:0
DA:1,4
DA:10,4
DA:53,4
LF:3
LH:3
BRF:0
BRH:0
end_of_record
TN:
SF:src\repositories\notification.repository.ts
FN:4,(anonymous_0)
FN:9,(anonymous_1)
FN:17,(anonymous_2)
FN:21,(anonymous_3)
FN:29,(anonymous_4)
FNF:5
FNH:4
FNDA:2,(anonymous_0)
FNDA:1,(anonymous_1)
FNDA:1,(anonymous_2)
FNDA:1,(anonymous_3)
FNDA:0,(anonymous_4)
DA:1,4
DA:5,2
DA:6,2
DA:10,1
DA:18,1
DA:22,1
DA:30,0
DA:37,4
LF:8
LH:7
BRF:0
BRH:0
end_of_record
TN:
SF:src\repositories\skill.repository.ts
FN:5,(anonymous_0)
FN:9,(anonymous_1)
FN:18,(anonymous_2)
FN:22,(anonymous_3)
FN:26,(anonymous_4)
FN:36,(anonymous_5)
FN:40,(anonymous_6)
FN:45,(anonymous_7)
FN:49,(anonymous_8)
FN:53,(anonymous_9)
FNF:10
FNH:8
FNDA:1,(anonymous_0)
FNDA:1,(anonymous_1)
FNDA:0,(anonymous_2)
FNDA:2,(anonymous_3)
FNDA:2,(anonymous_4)
FNDA:2,(anonymous_5)
FNDA:4,(anonymous_6)
FNDA:1,(anonymous_7)
FNDA:1,(anonymous_8)
FNDA:0,(anonymous_9)
DA:1,4
DA:4,4
DA:6,1
DA:10,1
DA:19,0
DA:23,2
DA:27,2
DA:28,2
DA:37,2
DA:41,4
DA:42,4
DA:46,1
DA:50,1
DA:54,0
LF:14
LH:12
BRF:0
BRH:0
end_of_record
TN:
SF:src\repositories\swap-request.repository.ts
FN:4,(anonymous_0)
FN:9,(anonymous_1)
FN:15,(anonymous_2)
FN:22,(anonymous_3)
FN:29,(anonymous_4)
FN:37,(anonymous_5)
FN:41,(anonymous_6)
FNF:7
FNH:6
FNDA:1,(anonymous_0)
FNDA:2,(anonymous_1)
FNDA:1,(anonymous_2)
FNDA:1,(anonymous_3)
FNDA:1,(anonymous_4)
FNDA:1,(anonymous_5)
FNDA:0,(anonymous_6)
DA:1,4
DA:3,4
DA:5,1
DA:6,1
DA:10,2
DA:16,1
DA:23,1
DA:30,1
DA:38,1
DA:42,0
LF:10
LH:9
BRDA:37,0,0,1
BRF:1
BRH:1
end_of_record
TN:
SF:src\repositories\user.repository.ts
FN:18,(anonymous_0)
FN:22,(anonymous_1)
FN:26,(anonymous_2)
FN:30,(anonymous_3)
FN:34,(anonymous_4)
FN:41,(anonymous_5)
FN:45,(anonymous_6)
FN:49,(anonymous_7)
FN:54,(anonymous_8)
FN:59,(anonymous_9)
FNF:10
FNH:8
FNDA:41,(anonymous_0)
FNDA:13,(anonymous_1)
FNDA:6,(anonymous_2)
FNDA:0,(anonymous_3)
FNDA:1,(anonymous_4)
FNDA:5,(anonymous_5)
FNDA:2,(anonymous_6)
FNDA:3,(anonymous_7)
FNDA:1,(anonymous_8)
FNDA:0,(anonymous_9)
DA:1,4
DA:17,4
DA:19,41
DA:23,13
DA:27,6
DA:31,0
DA:35,1
DA:42,5
DA:46,2
DA:51,3
DA:55,1
DA:56,1
DA:60,0
LF:13
LH:11
BRDA:45,0,0,0
BRF:1
BRH:0
end_of_record
TN:
SF:src\routes\message.route.ts
FN:12,(anonymous_0)
FNF:1
FNH:0
FNDA:0,(anonymous_0)
DA:1,4
DA:2,4
DA:3,4
DA:5,4
DA:7,4
DA:9,4
DA:10,4
DA:12,4
DA:13,0
DA:14,0
DA:16,0
DA:17,0
DA:18,0
DA:21,4
DA:22,4
DA:23,4
LF:16
LH:11
BRDA:13,0,0,0
BRDA:13,0,1,0
BRF:2
BRH:0
end_of_record
TN:
SF:src\routes\notification.route.ts
FNF:0
FNH:0
DA:1,4
DA:2,4
DA:3,4
DA:5,4
DA:7,4
DA:13,4
DA:19,4
LF:7
LH:7
BRF:0
BRH:0
end_of_record
TN:
SF:src\routes\review.route.ts
FNF:0
FNH:0
DA:1,4
DA:2,4
DA:3,4
DA:5,4
DA:7,4
DA:8,4
DA:9,4
LF:7
LH:7
BRF:0
BRH:0
end_of_record
TN:
SF:src\routes\session.route.ts
FNF:0
FNH:0
DA:1,4
DA:2,4
DA:3,4
DA:5,4
DA:7,4
DA:9,4
DA:10,4
DA:11,4
DA:12,4
DA:13,4
DA:16,4
LF:11
LH:11
BRF:0
BRH:0
end_of_record
TN:
SF:src\routes\skill.route.ts
FNF:0
FNH:0
DA:1,4
DA:2,4
DA:3,4
DA:5,4
DA:6,4
DA:9,4
DA:12,4
DA:13,4
DA:14,4
DA:17,4
DA:20,4
DA:21,4
DA:22,4
LF:13
LH:13
BRF:0
BRH:0
end_of_record
TN:
SF:src\routes\stripe.route.ts
FNF:0
FNH:0
DA:1,4
DA:2,4
DA:3,4
DA:4,4
DA:6,4
DA:7,4
DA:10,4
DA:16,4
DA:23,4
LF:9
LH:9
BRF:0
BRH:0
end_of_record
TN:
SF:src\routes\swap-request.route.ts
FNF:0
FNH:0
DA:1,4
DA:2,4
DA:3,4
DA:5,4
DA:6,4
DA:9,4
DA:11,4
DA:12,4
DA:13,4
DA:14,4
DA:17,4
DA:19,4
LF:12
LH:12
BRF:0
BRH:0
end_of_record
TN:
SF:src\routes\user.route.ts
FNF:0
FNH:0
DA:1,4
DA:2,4
DA:3,4
DA:4,4
DA:6,4
DA:7,4
DA:8,4
DA:10,4
DA:11,4
DA:12,4
DA:13,4
DA:14,4
DA:15,4
DA:17,4
DA:18,4
DA:19,4
DA:21,4
DA:29,4
DA:30,4
DA:31,4
DA:32,4
DA:33,4
DA:34,4
LF:23
LH:23
BRF:0
BRH:0
end_of_record
TN:
SF:src\services\notification.service.ts
FN:6,(anonymous_0)
FN:21,(anonymous_1)
FN:31,(anonymous_2)
FN:43,(anonymous_3)
FNF:4
FNH:4
FNDA:4,(anonymous_0)
FNDA:2,(anonymous_1)
FNDA:2,(anonymous_2)
FNDA:1,(anonymous_3)
DA:1,5
DA:3,5
DA:7,4
DA:9,4
DA:10,4
DA:11,1
DA:12,1
DA:14,1
DA:15,1
DA:18,4
DA:22,2
DA:23,2
DA:25,2
DA:32,2
DA:34,2
DA:35,2
DA:36,1
DA:37,1
DA:40,2
DA:44,1
DA:45,1
DA:46,1
DA:47,1
DA:49,1
DA:53,5
LF:25
LH:25
BRDA:10,0,0,1
BRDA:10,0,1,3
BRDA:10,1,0,4
BRDA:10,1,1,1
BRDA:35,2,0,1
BRDA:35,2,1,1
BRDA:35,3,0,2
BRDA:35,3,1,2
BRDA:46,4,0,1
BRDA:46,4,1,0
BRF:10
BRH:9
end_of_record
TN:
SF:src\services\skill.service.ts
FN:10,(anonymous_0)
FN:19,(anonymous_1)
FN:24,(anonymous_2)
FN:36,(anonymous_3)
FN:43,(anonymous_4)
FN:50,(anonymous_5)
FN:58,(anonymous_6)
FN:95,(anonymous_7)
FN:116,(anonymous_8)
FN:117,(anonymous_9)
FN:138,(anonymous_10)
FNF:11
FNH:10
FNDA:4,(anonymous_0)
FNDA:4,(anonymous_1)
FNDA:1,(anonymous_2)
FNDA:4,(anonymous_3)
FNDA:4,(anonymous_4)
FNDA:2,(anonymous_5)
FNDA:5,(anonymous_6)
FNDA:3,(anonymous_7)
FNDA:1,(anonymous_8)
FNDA:1,(anonymous_9)
FNDA:0,(anonymous_10)
DA:1,5
DA:3,5
DA:4,5
DA:5,5
DA:7,5
DA:9,5
DA:11,4
DA:12,4
DA:13,2
DA:16,2
DA:20,4
DA:21,4
DA:22,4
DA:23,2
DA:24,1
DA:26,2
DA:27,1
DA:28,1
DA:29,1
DA:31,2
DA:33,2
DA:37,4
DA:38,1
DA:40,3
DA:44,4
DA:45,1
DA:47,3
DA:51,2
DA:52,2
DA:53,1
DA:55,1
DA:59,5
DA:60,2
DA:61,2
DA:62,1
DA:66,4
DA:67,4
DA:68,1
DA:71,3
DA:73,3
DA:74,3
DA:75,1
DA:79,2
DA:80,1
DA:81,1
DA:92,2
DA:96,3
DA:97,3
DA:98,1
DA:101,2
DA:102,2
DA:104,2
DA:105,1
DA:106,1
DA:110,2
DA:114,2
DA:115,1
DA:116,1
DA:117,1
DA:118,1
DA:121,2
DA:122,2
DA:123,0
DA:126,2
DA:127,2
DA:135,2
DA:139,0
LF:67
LH:65
BRDA:12,0,0,2
BRDA:12,0,1,2
BRDA:22,1,0,2
BRDA:22,1,1,2
BRDA:26,2,0,1
BRDA:26,2,1,1
BRDA:27,3,0,1
BRDA:27,3,1,0
BRDA:37,4,0,1
BRDA:37,4,1,3
BRDA:37,5,0,4
BRDA:37,5,1,4
BRDA:43,6,0,1
BRDA:44,7,0,1
BRDA:44,7,1,3
BRDA:52,8,0,1
BRDA:52,8,1,1
BRDA:59,9,0,2
BRDA:59,9,1,3
BRDA:61,10,0,1
BRDA:61,10,1,1
BRDA:61,11,0,2
BRDA:61,11,1,1
BRDA:67,12,0,1
BRDA:67,12,1,3
BRDA:74,13,0,1
BRDA:74,13,1,2
BRDA:79,14,0,1
BRDA:79,14,1,1
BRDA:79,15,0,2
BRDA:79,15,1,2
BRDA:79,15,2,2
BRDA:79,15,3,2
BRDA:97,16,0,1
BRDA:97,16,1,2
BRDA:104,17,0,1
BRDA:104,17,1,1
BRDA:116,18,0,1
BRDA:116,18,1,0
BRDA:117,19,0,1
BRDA:117,19,1,0
BRDA:122,20,0,0
BRDA:122,20,1,2
BRF:43
BRH:39
end_of_record
TN:
SF:src\services\stripe.service.ts
FN:9,(anonymous_1)
FN:39,(anonymous_2)
FN:57,(anonymous_3)
FNF:3
FNH:3
FNDA:1,(anonymous_1)
FNDA:2,(anonymous_2)
FNDA:3,(anonymous_3)
DA:1,5
DA:2,5
DA:3,5
DA:5,5
DA:10,1
DA:11,1
DA:12,1
DA:14,1
DA:15,0
DA:18,1
DA:33,1
DA:40,2
DA:41,2
DA:43,2
DA:44,1
DA:49,1
DA:51,1
DA:58,3
DA:59,3
DA:61,3
DA:62,0
DA:67,3
DA:68,3
DA:70,1
DA:74,2
DA:76,1
DA:77,1
DA:79,1
DA:85,1
DA:88,1
DA:90,1
DA:94,1
DA:97,0
LF:33
LH:30
BRDA:11,0,0,1
BRDA:11,0,1,0
BRDA:14,1,0,0
BRDA:14,1,1,1
BRDA:43,2,0,1
BRDA:43,2,1,1
BRDA:61,3,0,0
BRDA:61,3,1,3
BRDA:74,4,0,1
BRDA:74,4,1,1
BRDA:74,4,2,0
BRDA:77,5,0,1
BRDA:77,5,1,0
BRF:13
BRH:8
end_of_record
TN:
SF:src\services\swap-request.service.ts
FN:11,(anonymous_1)
FN:44,(anonymous_2)
FN:48,(anonymous_3)
FN:52,(anonymous_4)
FN:141,(anonymous_5)
FNF:5
FNH:5
FNDA:5,(anonymous_1)
FNDA:2,(anonymous_2)
FNDA:2,(anonymous_3)
FNDA:11,(anonymous_4)
FNDA:1,(anonymous_5)
DA:1,5
DA:3,5
DA:4,5
DA:5,5
DA:6,5
DA:8,5
DA:10,5
DA:12,5
DA:13,2
DA:16,3
DA:17,3
DA:18,1
DA:21,2
DA:30,2
DA:33,2
DA:41,2
DA:45,2
DA:49,2
DA:53,11
DA:55,11
DA:56,1
DA:60,10
DA:63,6
DA:64,2
DA:69,8
DA:70,1
DA:71,1
DA:76,7
DA:77,3
DA:78,3
DA:79,3
DA:80,1
DA:85,6
DA:86,1
DA:87,5
DA:88,1
DA:91,4
DA:93,4
DA:94,2
DA:109,2
DA:116,2
DA:117,1
DA:124,1
DA:126,1
DA:129,1
DA:138,4
DA:142,1
LF:47
LH:47
BRDA:12,0,0,2
BRDA:12,0,1,3
BRDA:17,1,0,1
BRDA:17,1,1,2
BRDA:55,2,0,1
BRDA:55,2,1,10
BRDA:60,3,0,6
BRDA:60,3,1,4
BRDA:61,4,0,10
BRDA:61,4,1,6
BRDA:63,5,0,2
BRDA:63,5,1,4
BRDA:69,6,0,1
BRDA:69,6,1,7
BRDA:70,7,0,1
BRDA:70,7,1,0
BRDA:76,8,0,3
BRDA:76,8,1,4
BRDA:79,9,0,1
BRDA:79,9,1,2
BRDA:79,10,0,3
BRDA:79,10,1,1
BRDA:85,11,0,1
BRDA:85,11,1,5
BRDA:85,12,0,6
BRDA:85,12,1,2
BRDA:87,13,0,1
BRDA:87,13,1,4
BRDA:87,14,0,5
BRDA:87,14,1,4
BRDA:93,15,0,2
BRDA:93,15,1,2
BRDA:116,16,0,1
BRDA:116,16,1,1
BRDA:124,17,0,1
BRDA:124,17,1,0
BRDA:126,18,0,1
BRDA:126,18,1,0
BRF:38
BRH:35
end_of_record
TN:
SF:src\services\user.service.ts
FN:25,(anonymous_10)
FN:58,(anonymous_11)
FN:99,(anonymous_12)
FN:164,(anonymous_13)
FN:209,(anonymous_14)
FN:225,(anonymous_15)
FN:280,(anonymous_16)
FN:282,(anonymous_17)
FN:289,(anonymous_18)
FN:299,(anonymous_19)
FN:308,(anonymous_20)
FN:350,(anonymous_21)
FN:367,(anonymous_22)
FN:368,(anonymous_23)
FN:371,(anonymous_24)
FN:378,(anonymous_25)
FN:385,(anonymous_26)
FN:398,(anonymous_27)
FN:434,(anonymous_28)
FN:439,(anonymous_29)
FN:440,(anonymous_30)
FN:449,(anonymous_31)
FN:450,(anonymous_32)
FN:453,(anonymous_33)
FN:460,(anonymous_34)
FNF:25
FNH:16
FNDA:10,(anonymous_10)
FNDA:8,(anonymous_11)
FNDA:5,(anonymous_12)
FNDA:3,(anonymous_13)
FNDA:3,(anonymous_14)
FNDA:14,(anonymous_15)
FNDA:3,(anonymous_16)
FNDA:5,(anonymous_17)
FNDA:3,(anonymous_18)
FNDA:3,(anonymous_19)
FNDA:4,(anonymous_20)
FNDA:4,(anonymous_21)
FNDA:4,(anonymous_22)
FNDA:2,(anonymous_23)
FNDA:4,(anonymous_24)
FNDA:2,(anonymous_25)
FNDA:0,(anonymous_26)
FNDA:0,(anonymous_27)
FNDA:0,(anonymous_28)
FNDA:0,(anonymous_29)
FNDA:0,(anonymous_30)
FNDA:0,(anonymous_31)
FNDA:0,(anonymous_32)
FNDA:0,(anonymous_33)
FNDA:0,(anonymous_34)
DA:1,5
DA:4,5
DA:5,5
DA:6,5
DA:7,5
DA:8,5
DA:9,5
DA:10,5
DA:21,5
DA:22,5
DA:24,5
DA:28,10
DA:29,10
DA:30,2
DA:33,8
DA:36,8
DA:37,2
DA:40,6
DA:41,6
DA:42,6
DA:44,6
DA:46,6
DA:47,6
DA:49,6
DA:55,6
DA:61,8
DA:62,8
DA:63,2
DA:69,6
DA:70,1
DA:76,5
DA:80,5
DA:81,2
DA:87,3
DA:93,3
DA:94,3
DA:96,3
DA:103,5
DA:104,5
DA:109,1
DA:110,1
DA:116,4
DA:117,4
DA:118,1
DA:121,3
DA:123,3
DA:125,3
DA:126,2
DA:127,2
DA:128,1
DA:129,1
DA:133,3
DA:134,1
DA:135,1
DA:136,1
DA:137,1
DA:138,1
DA:141,1
DA:152,3
DA:158,3
DA:159,3
DA:161,3
DA:165,3
DA:166,3
DA:167,2
DA:170,1
DA:171,1
DA:176,1
DA:181,1
DA:183,1
DA:193,1
DA:210,3
DA:211,3
DA:213,3
DA:214,2
DA:217,1
DA:218,1
DA:226,14
DA:227,14
DA:228,1
DA:230,13
DA:231,2
DA:234,2
DA:235,2
DA:238,11
DA:239,1
DA:242,1
DA:243,1
DA:246,10
DA:247,5
DA:248,1
DA:253,4
DA:254,1
DA:256,3
DA:260,3
DA:261,2
DA:263,1
DA:264,1
DA:265,5
DA:266,1
DA:269,6
DA:270,6
DA:271,6
DA:272,6
DA:273,5
DA:274,5
DA:275,5
DA:277,1
DA:281,3
DA:282,3
DA:283,5
DA:284,5
DA:285,5
DA:290,3
DA:291,3
DA:292,1
DA:294,2
DA:295,2
DA:296,2
DA:300,3
DA:301,3
DA:302,1
DA:304,2
DA:305,2
DA:309,4
DA:310,4
DA:311,1
DA:313,3
DA:314,1
DA:317,1
DA:318,1
DA:321,2
DA:322,1
DA:325,1
DA:326,1
DA:330,1
DA:331,1
DA:332,1
DA:333,0
DA:334,0
DA:335,0
DA:338,1
DA:339,1
DA:341,1
DA:342,1
DA:343,1
DA:344,1
DA:345,1
DA:347,0
DA:351,4
DA:352,4
DA:353,1
DA:357,3
DA:360,3
DA:362,3
DA:364,2
DA:365,2
DA:366,2
DA:368,4
DA:369,2
DA:371,4
DA:372,4
DA:374,4
DA:378,2
DA:379,2
DA:380,2
DA:381,2
DA:385,0
DA:386,0
DA:388,0
DA:398,0
DA:411,0
DA:412,0
DA:417,0
DA:418,0
DA:420,0
DA:421,0
DA:423,0
DA:427,0
DA:429,0
DA:430,0
DA:433,0
DA:434,0
DA:438,0
DA:439,0
DA:441,0
DA:442,0
DA:443,0
DA:446,0
DA:448,0
DA:450,0
DA:451,0
DA:453,0
DA:454,0
DA:456,0
DA:460,0
DA:461,0
DA:462,0
DA:463,0
LF:199
LH:163
BRDA:29,0,0,2
BRDA:29,0,1,8
BRDA:36,1,0,2
BRDA:36,1,1,6
BRDA:62,2,0,2
BRDA:62,2,1,6
BRDA:69,3,0,1
BRDA:69,3,1,5
BRDA:80,4,0,2
BRDA:80,4,1,3
BRDA:112,5,0,1
BRDA:112,5,1,0
BRDA:117,6,0,1
BRDA:117,6,1,3
BRDA:117,7,0,4
BRDA:117,7,1,3
BRDA:125,8,0,2
BRDA:125,8,1,1
BRDA:127,9,0,1
BRDA:127,9,1,1
BRDA:133,10,0,1
BRDA:133,10,1,2
BRDA:137,11,0,1
BRDA:137,11,1,0
BRDA:142,12,0,1
BRDA:142,12,1,1
BRDA:143,13,0,1
BRDA:143,13,1,1
BRDA:147,14,0,1
BRDA:147,14,1,0
BRDA:166,15,0,2
BRDA:166,15,1,1
BRDA:213,16,0,2
BRDA:213,16,1,1
BRDA:227,17,0,1
BRDA:227,17,1,13
BRDA:230,18,0,2
BRDA:230,18,1,11
BRDA:230,19,0,13
BRDA:230,19,1,2
BRDA:234,20,0,2
BRDA:234,20,1,0
BRDA:238,21,0,1
BRDA:238,21,1,10
BRDA:238,22,0,11
BRDA:238,22,1,1
BRDA:242,23,0,1
BRDA:242,23,1,0
BRDA:246,24,0,5
BRDA:246,24,1,5
BRDA:247,25,0,1
BRDA:247,25,1,4
BRDA:253,26,0,1
BRDA:253,26,1,3
BRDA:260,27,0,2
BRDA:260,27,1,1
BRDA:265,28,0,1
BRDA:265,28,1,4
BRDA:272,29,0,5
BRDA:272,29,1,1
BRDA:280,30,0,2
BRDA:291,31,0,1
BRDA:291,31,1,2
BRDA:301,32,0,1
BRDA:301,32,1,2
BRDA:310,33,0,1
BRDA:310,33,1,3
BRDA:313,34,0,1
BRDA:313,34,1,2
BRDA:313,35,0,3
BRDA:313,35,1,1
BRDA:317,36,0,1
BRDA:317,36,1,0
BRDA:321,37,0,1
BRDA:321,37,1,1
BRDA:321,38,0,2
BRDA:321,38,1,1
BRDA:325,39,0,1
BRDA:325,39,1,0
BRDA:330,40,0,1
BRDA:330,40,1,0
BRDA:333,41,0,0
BRDA:333,41,1,0
BRDA:342,42,0,1
BRDA:342,42,1,0
BRDA:352,43,0,1
BRDA:352,43,1,3
BRDA:362,44,0,1
BRDA:362,44,1,2
BRDA:364,45,0,2
BRDA:364,45,1,0
BRDA:374,46,0,4
BRDA:374,46,1,3
BRDA:391,47,0,0
BRDA:391,47,1,0
BRDA:392,48,0,0
BRDA:392,48,1,0
BRDA:393,49,0,0
BRDA:393,49,1,0
BRDA:400,50,0,0
BRDA:400,50,1,0
BRDA:401,51,0,0
BRDA:401,51,1,0
BRDA:402,52,0,0
BRDA:402,52,1,0
BRDA:418,53,0,0
BRDA:418,53,1,0
BRDA:456,54,0,0
BRDA:456,54,1,0
BRF:109
BRH:81
end_of_record
TN:
SF:src\types\skill.type.ts
FNF:0
FNH:0
DA:1,5
DA:3,5
LF:2
LH:2
BRF:0
BRH:0
end_of_record
TN:
SF:src\types\user.type.ts
FNF:0
FNH:0
DA:1,5
DA:3,5
LF:2
LH:2
BRF:0
BRH:0
end_of_record
TN:
SF:src\utils\apihelper.util.ts
FN:11,(anonymous_0)
FN:26,(anonymous_1)
FNF:2
FNH:2
FNDA:92,(anonymous_0)
FNDA:94,(anonymous_1)
DA:10,11
DA:17,92
DA:23,92
DA:31,94
DA:37,94
LF:5
LH:5
BRDA:13,0,0,1
BRDA:14,1,0,2
BRDA:15,2,0,73
BRDA:28,3,0,1
BRDA:29,4,0,1
BRF:5
BRH:5
end_of_record
